#
# There is insufficient memory for the Java Runtime Environment to continue.
# Native memory allocation (malloc) failed to allocate 654816 bytes for Chunk::new
# Possible reasons:
#   The system is out of physical RAM or swap space
#   The process is running with CompressedOops enabled, and the Java Heap may be blocking the growth of the native heap
# Possible solutions:
#   Reduce memory load on the system
#   Increase physical memory or swap space
#   Check if swap backing store is full
#   Decrease Java heap size (-Xmx/-Xms)
#   Decrease number of Java threads
#   Decrease Java thread stack sizes (-Xss)
#   Set larger code cache with -XX:ReservedCodeCacheSize=
#   JVM is running with Unscaled Compressed Oops mode in which the Java heap is
#     placed in the first 4GB address space. The Java Heap base address is the
#     maximum limit for the native heap growth. Please use -XX:HeapBaseMinAddress
#     to set the Java Heap base and to place the Java Heap above 4GB virtual address.
# This output file may be truncated or incomplete.
#
#  Out of Memory Error (./src/hotspot/share/memory/arena.cpp:197), pid=9228, tid=9048
#
# JRE version: OpenJDK Runtime Environment (11.0.13) (build 11.0.13+0-b1751.21-8125866)
# Java VM: OpenJDK 64-Bit Server VM (11.0.13+0-b1751.21-8125866, mixed mode, tiered, compressed oops, g1 gc, windows-amd64)
# No core dump will be written. Minidumps are not enabled by default on client versions of Windows
#

---------------  S U M M A R Y ------------

Command Line: --add-opens=java.base/java.util=ALL-UNNAMED --add-opens=java.base/java.lang=ALL-UNNAMED --add-opens=java.base/java.lang.invoke=ALL-UNNAMED --add-opens=java.base/java.util=ALL-UNNAMED --add-opens=java.prefs/java.util.prefs=ALL-UNNAMED --add-opens=java.prefs/java.util.prefs=ALL-UNNAMED --add-opens=java.base/java.nio.charset=ALL-UNNAMED --add-opens=java.base/java.net=ALL-UNNAMED --add-opens=java.base/java.util.concurrent.atomic=ALL-UNNAMED -Xmx2048m -Dfile.encoding=UTF-8 -Duser.country=CA -Duser.language=en -Duser.variant org.gradle.launcher.daemon.bootstrap.GradleDaemon 7.4

Host: AMD FX(tm)-8350 Eight-Core Processor           , 8 cores, 11G,  Windows 10 , 64 bit Build 19041 (10.0.19041.928)
Time: Tue Apr 11 16:47:31 2023 Eastern Daylight Time elapsed time: 12.431903 seconds (0d 0h 0m 12s)

---------------  T H R E A D  ---------------

Current thread (0x00000203ab119000):  JavaThread "C2 CompilerThread1" daemon [_thread_in_native, id=9048, stack(0x00000078f6f00000,0x00000078f7000000)]


Current CompileTask:
C2:  12432 6238       4       java.lang.String::split (324 bytes)

Stack: [0x00000078f6f00000,0x00000078f7000000]
Native frames: (J=compiled Java code, j=interpreted, Vv=VM code, C=native code)
V  [jvm.dll+0x6100fa]
V  [jvm.dll+0x747090]
V  [jvm.dll+0x7486ad]
V  [jvm.dll+0x748d83]
V  [jvm.dll+0x24ab48]
V  [jvm.dll+0xc04dc]
V  [jvm.dll+0xc0a0c]
V  [jvm.dll+0x2bfab4]
V  [jvm.dll+0x524238]
V  [jvm.dll+0x204802]
V  [jvm.dll+0x2023c2]
V  [jvm.dll+0x188e01]
V  [jvm.dll+0x21106b]
V  [jvm.dll+0x20f8c1]
V  [jvm.dll+0x70de0f]
V  [jvm.dll+0x706a75]
V  [jvm.dll+0x60ed66]
C  [ucrtbase.dll+0x21bb2]
C  [KERNEL32.DLL+0x17034]
C  [ntdll.dll+0x52651]


---------------  P R O C E S S  ---------------

Threads class SMR info:
_java_thread_list=0x00000203a99fba40, length=122, elements={
0x000002038a7ca800, 0x00000203a5cc5000, 0x00000203a5cce800, 0x00000203a5d23800,
0x00000203a5d24800, 0x00000203a5d27000, 0x00000203a5d2b000, 0x00000203a5d37800,
0x00000203a5d3c800, 0x00000203a5e94000, 0x00000203a7fea000, 0x00000203a88f9000,
0x00000203a5f96000, 0x00000203a6e68000, 0x00000203a8762800, 0x00000203a91d3000,
0x00000203a86a9000, 0x00000203a8eea000, 0x00000203a7d38800, 0x00000203a78dd000,
0x00000203a8f0f000, 0x00000203a83f8000, 0x00000203a7e7d800, 0x00000203a7e7e000,
0x00000203a7e7c800, 0x00000203a7e7b800, 0x00000203a937b000, 0x00000203a937b800,
0x00000203a937f000, 0x00000203a937f800, 0x00000203a937c800, 0x00000203a937d800,
0x00000203a937a000, 0x00000203a937e000, 0x00000203a9380800, 0x00000203ab23d000,
0x00000203ab23c800, 0x00000203ab23f800, 0x00000203ab23a800, 0x00000203ab23b800,
0x00000203ab243800, 0x00000203ab245800, 0x00000203ab241800, 0x00000203ab246000,
0x00000203ab240800, 0x00000203ab247000, 0x00000203ab243000, 0x00000203ab244800,
0x00000203ab248000, 0x00000203ab242000, 0x00000203ab248800, 0x00000203ab249800,
0x00000203a9412800, 0x00000203a9414800, 0x00000203a9410000, 0x00000203a9411000,
0x00000203a940f800, 0x00000203a9413800, 0x00000203a940e800, 0x00000203a9416800,
0x00000203a9417800, 0x00000203a9415000, 0x00000203a9416000, 0x00000203a9412000,
0x00000203a941d000, 0x00000203a9418800, 0x00000203a941b000, 0x00000203a941b800,
0x00000203a9419000, 0x00000203a941a000, 0x00000203a941c800, 0x00000203a6d54800,
0x00000203a6d56800, 0x00000203a6d52000, 0x00000203a6d58000, 0x00000203a6d55800,
0x00000203a6d57000, 0x00000203a6d58800, 0x00000203a6d53000, 0x00000203a6d54000,
0x00000203a6d5e800, 0x00000203a6d5f000, 0x00000203a6d5a800, 0x00000203a6d5b000,
0x00000203a6d59800, 0x00000203a6d5c000, 0x00000203a6d60000, 0x00000203a6d61000,
0x00000203a6d5d000, 0x00000203a6d5d800, 0x00000203a9912000, 0x00000203a9916800,
0x00000203a9910800, 0x00000203a9917000, 0x00000203a9914000, 0x00000203a9915800,
0x00000203a9911800, 0x00000203a9914800, 0x00000203a9918000, 0x00000203a9919000,
0x00000203a9913000, 0x00000203a991b000, 0x00000203a991c000, 0x00000203a991f800,
0x00000203a991a800, 0x00000203a9919800, 0x00000203a991d000, 0x00000203a991d800,
0x00000203a991e800, 0x00000203a9c92800, 0x00000203a9c98800, 0x00000203a9c97000,
0x00000203a9c97800, 0x00000203a9c96000, 0x00000203a9c99000, 0x00000203a9c93800,
0x00000203a9c9a000, 0x00000203a9c94800, 0x00000203a9c9b000, 0x00000203a9c95000,
0x00000203a9ca1800, 0x00000203ab119000
}

Java Threads: ( => current thread )
  0x000002038a7ca800 JavaThread "main" [_thread_blocked, id=11840, stack(0x00000078ee700000,0x00000078ee800000)]
  0x00000203a5cc5000 JavaThread "Reference Handler" daemon [_thread_blocked, id=9584, stack(0x00000078eee00000,0x00000078eef00000)]
  0x00000203a5cce800 JavaThread "Finalizer" daemon [_thread_blocked, id=9356, stack(0x00000078eef00000,0x00000078ef000000)]
  0x00000203a5d23800 JavaThread "Signal Dispatcher" daemon [_thread_blocked, id=912, stack(0x00000078ef000000,0x00000078ef100000)]
  0x00000203a5d24800 JavaThread "Attach Listener" daemon [_thread_blocked, id=15220, stack(0x00000078ef100000,0x00000078ef200000)]
  0x00000203a5d27000 JavaThread "Service Thread" daemon [_thread_blocked, id=10768, stack(0x00000078ef200000,0x00000078ef300000)]
  0x00000203a5d2b000 JavaThread "C2 CompilerThread0" daemon [_thread_in_native, id=12108, stack(0x00000078ef300000,0x00000078ef400000)]
  0x00000203a5d37800 JavaThread "C1 CompilerThread0" daemon [_thread_blocked, id=8844, stack(0x00000078ef400000,0x00000078ef500000)]
  0x00000203a5d3c800 JavaThread "Sweeper thread" daemon [_thread_blocked, id=1532, stack(0x00000078ef500000,0x00000078ef600000)]
  0x00000203a5e94000 JavaThread "Common-Cleaner" daemon [_thread_blocked, id=13300, stack(0x00000078ef600000,0x00000078ef700000)]
  0x00000203a7fea000 JavaThread "Daemon health stats" [_thread_blocked, id=7516, stack(0x00000078efd00000,0x00000078efe00000)]
  0x00000203a88f9000 JavaThread "Incoming local TCP Connector on port 64242" [_thread_in_native, id=12548, stack(0x00000078ef800000,0x00000078ef900000)]
  0x00000203a5f96000 JavaThread "Daemon periodic checks" [_thread_blocked, id=12436, stack(0x00000078efc00000,0x00000078efd00000)]
  0x00000203a6e68000 JavaThread "Daemon" [_thread_blocked, id=14968, stack(0x00000078efe00000,0x00000078eff00000)]
  0x00000203a8762800 JavaThread "Handler for socket connection from /127.0.0.1:64242 to /127.0.0.1:64243" [_thread_in_native, id=4376, stack(0x00000078eff00000,0x00000078f0000000)]
  0x00000203a91d3000 JavaThread "Cancel handler" [_thread_blocked, id=3112, stack(0x00000078f0000000,0x00000078f0100000)]
  0x00000203a86a9000 JavaThread "Daemon worker" [_thread_blocked, id=13980, stack(0x00000078f0100000,0x00000078f0200000)]
  0x00000203a8eea000 JavaThread "Asynchronous log dispatcher for DefaultDaemonConnection: socket connection from /127.0.0.1:64242 to /127.0.0.1:64243" [_thread_blocked, id=12580, stack(0x00000078f0200000,0x00000078f0300000)]
  0x00000203a7d38800 JavaThread "Stdin handler" [_thread_blocked, id=10576, stack(0x00000078f0300000,0x00000078f0400000)]
  0x00000203a78dd000 JavaThread "Daemon client event forwarder" [_thread_blocked, id=13080, stack(0x00000078f0400000,0x00000078f0500000)]
  0x00000203a8f0f000 JavaThread "Cache worker for journal cache (C:\Users\User\.gradle\caches\journal-1)" [_thread_blocked, id=4216, stack(0x00000078f0600000,0x00000078f0700000)]
  0x00000203a83f8000 JavaThread "File lock request listener" [_thread_in_native, id=6460, stack(0x00000078f0700000,0x00000078f0800000)]
  0x00000203a7e7d800 JavaThread "Cache worker for file hash cache (C:\Users\User\.gradle\caches\7.4\fileHashes)" [_thread_blocked, id=1780, stack(0x00000078f0d00000,0x00000078f0e00000)]
  0x00000203a7e7e000 JavaThread "File watcher server" daemon [_thread_in_native, id=5620, stack(0x00000078f0e00000,0x00000078f0f00000)]
  0x00000203a7e7c800 JavaThread "File watcher consumer" daemon [_thread_blocked, id=2840, stack(0x00000078f0f00000,0x00000078f1000000)]
  0x00000203a7e7b800 JavaThread "jar transforms" [_thread_blocked, id=10988, stack(0x00000078f1000000,0x00000078f1100000)]
  0x00000203a937b000 JavaThread "jar transforms Thread 2" [_thread_blocked, id=14356, stack(0x00000078f1100000,0x00000078f1200000)]
  0x00000203a937b800 JavaThread "jar transforms Thread 3" [_thread_blocked, id=2152, stack(0x00000078f1200000,0x00000078f1300000)]
  0x00000203a937f000 JavaThread "jar transforms Thread 4" [_thread_blocked, id=10192, stack(0x00000078f1300000,0x00000078f1400000)]
  0x00000203a937f800 JavaThread "jar transforms Thread 5" [_thread_blocked, id=14932, stack(0x00000078f1400000,0x00000078f1500000)]
  0x00000203a937c800 JavaThread "jar transforms Thread 6" [_thread_blocked, id=4128, stack(0x00000078f1500000,0x00000078f1600000)]
  0x00000203a937d800 JavaThread "jar transforms Thread 7" [_thread_blocked, id=12156, stack(0x00000078f1600000,0x00000078f1700000)]
  0x00000203a937a000 JavaThread "jar transforms Thread 8" [_thread_blocked, id=4272, stack(0x00000078f1700000,0x00000078f1800000)]
  0x00000203a937e000 JavaThread "Cache worker for checksums cache (C:\Users\User\AndroidStudioProjects\COMP304Sec001_Lab06\.gradle\7.4\checksums)" [_thread_blocked, id=14092, stack(0x00000078f1800000,0x00000078f1900000)]
  0x00000203a9380800 JavaThread "Cache worker for cache directory md-rule (C:\Users\User\.gradle\caches\7.4\md-rule)" [_thread_blocked, id=13668, stack(0x00000078f1900000,0x00000078f1a00000)]
  0x00000203ab23d000 JavaThread "Cache worker for file hash cache (C:\Users\User\AndroidStudioProjects\COMP304Sec001_Lab06\.gradle\7.4\fileHashes)" [_thread_blocked, id=5076, stack(0x00000078f1a00000,0x00000078f1b00000)]
  0x00000203ab23c800 JavaThread "Cache worker for cache directory md-supplier (C:\Users\User\.gradle\caches\7.4\md-supplier)" [_thread_blocked, id=13376, stack(0x00000078f1b00000,0x00000078f1c00000)]
  0x00000203ab23f800 JavaThread "Cache worker for execution history cache (C:\Users\User\.gradle\caches\7.4\executionHistory)" [_thread_blocked, id=14080, stack(0x00000078f1c00000,0x00000078f1d00000)]
  0x00000203ab23a800 JavaThread "Cache worker for file content cache (C:\Users\User\.gradle\caches\7.4\fileContent)" [_thread_blocked, id=12896, stack(0x00000078f1e00000,0x00000078f1f00000)]
  0x00000203ab23b800 JavaThread "Cache worker for dependencies-accessors (C:\Users\User\AndroidStudioProjects\COMP304Sec001_Lab06\.gradle\7.4\dependencies-accessors)" [_thread_blocked, id=10980, stack(0x00000078f1f00000,0x00000078f2000000)]
  0x00000203ab243800 JavaThread "Cache worker for Build Output Cleanup Cache (C:\Users\User\AndroidStudioProjects\COMP304Sec001_Lab06\.gradle\buildOutputCleanup)" [_thread_blocked, id=10084, stack(0x00000078f2000000,0x00000078f2100000)]
  0x00000203ab245800 JavaThread "Unconstrained build operations" [_thread_blocked, id=10080, stack(0x00000078f0500000,0x00000078f0600000)]
  0x00000203ab241800 JavaThread "Unconstrained build operations Thread 2" [_thread_blocked, id=13560, stack(0x00000078f1d00000,0x00000078f1e00000)]
  0x00000203ab246000 JavaThread "Unconstrained build operations Thread 3" [_thread_blocked, id=10468, stack(0x00000078f2100000,0x00000078f2200000)]
  0x00000203ab240800 JavaThread "Unconstrained build operations Thread 4" [_thread_blocked, id=11624, stack(0x00000078f2200000,0x00000078f2300000)]
  0x00000203ab247000 JavaThread "Unconstrained build operations Thread 5" [_thread_blocked, id=10448, stack(0x00000078f2300000,0x00000078f2400000)]
  0x00000203ab243000 JavaThread "Unconstrained build operations Thread 6" [_thread_blocked, id=2492, stack(0x00000078f2400000,0x00000078f2500000)]
  0x00000203ab244800 JavaThread "Unconstrained build operations Thread 7" [_thread_blocked, id=8692, stack(0x00000078f2500000,0x00000078f2600000)]
  0x00000203ab248000 JavaThread "Unconstrained build operations Thread 8" [_thread_blocked, id=632, stack(0x00000078f2600000,0x00000078f2700000)]
  0x00000203ab242000 JavaThread "Unconstrained build operations Thread 9" [_thread_blocked, id=9424, stack(0x00000078f2700000,0x00000078f2800000)]
  0x00000203ab248800 JavaThread "Unconstrained build operations Thread 10" [_thread_blocked, id=9588, stack(0x00000078f2800000,0x00000078f2900000)]
  0x00000203ab249800 JavaThread "Unconstrained build operations Thread 11" [_thread_blocked, id=3624, stack(0x00000078f2900000,0x00000078f2a00000)]
  0x00000203a9412800 JavaThread "Unconstrained build operations Thread 12" [_thread_blocked, id=11732, stack(0x00000078f2a00000,0x00000078f2b00000)]
  0x00000203a9414800 JavaThread "Unconstrained build operations Thread 13" [_thread_blocked, id=3128, stack(0x00000078f2b00000,0x00000078f2c00000)]
  0x00000203a9410000 JavaThread "Unconstrained build operations Thread 14" [_thread_blocked, id=14712, stack(0x00000078f2c00000,0x00000078f2d00000)]
  0x00000203a9411000 JavaThread "Unconstrained build operations Thread 15" [_thread_blocked, id=4988, stack(0x00000078f2d00000,0x00000078f2e00000)]
  0x00000203a940f800 JavaThread "Unconstrained build operations Thread 16" [_thread_blocked, id=13924, stack(0x00000078f2e00000,0x00000078f2f00000)]
  0x00000203a9413800 JavaThread "Unconstrained build operations Thread 17" [_thread_blocked, id=12388, stack(0x00000078f2f00000,0x00000078f3000000)]
  0x00000203a940e800 JavaThread "Unconstrained build operations Thread 18" [_thread_blocked, id=5376, stack(0x00000078f3000000,0x00000078f3100000)]
  0x00000203a9416800 JavaThread "Unconstrained build operations Thread 19" [_thread_blocked, id=848, stack(0x00000078f3100000,0x00000078f3200000)]
  0x00000203a9417800 JavaThread "Unconstrained build operations Thread 20" [_thread_blocked, id=6588, stack(0x00000078f3200000,0x00000078f3300000)]
  0x00000203a9415000 JavaThread "Unconstrained build operations Thread 21" [_thread_blocked, id=10184, stack(0x00000078f3300000,0x00000078f3400000)]
  0x00000203a9416000 JavaThread "Unconstrained build operations Thread 22" [_thread_blocked, id=4520, stack(0x00000078f3400000,0x00000078f3500000)]
  0x00000203a9412000 JavaThread "Unconstrained build operations Thread 23" [_thread_blocked, id=12860, stack(0x00000078f3500000,0x00000078f3600000)]
  0x00000203a941d000 JavaThread "Unconstrained build operations Thread 24" [_thread_blocked, id=13628, stack(0x00000078f3600000,0x00000078f3700000)]
  0x00000203a9418800 JavaThread "Unconstrained build operations Thread 25" [_thread_blocked, id=12748, stack(0x00000078f3700000,0x00000078f3800000)]
  0x00000203a941b000 JavaThread "Unconstrained build operations Thread 26" [_thread_blocked, id=12592, stack(0x00000078f3800000,0x00000078f3900000)]
  0x00000203a941b800 JavaThread "Unconstrained build operations Thread 27" [_thread_blocked, id=11128, stack(0x00000078f3900000,0x00000078f3a00000)]
  0x00000203a9419000 JavaThread "Unconstrained build operations Thread 28" [_thread_blocked, id=7348, stack(0x00000078f3a00000,0x00000078f3b00000)]
  0x00000203a941a000 JavaThread "Unconstrained build operations Thread 29" [_thread_blocked, id=11064, stack(0x00000078f3b00000,0x00000078f3c00000)]
  0x00000203a941c800 JavaThread "Unconstrained build operations Thread 30" [_thread_blocked, id=3432, stack(0x00000078f3c00000,0x00000078f3d00000)]
  0x00000203a6d54800 JavaThread "Unconstrained build operations Thread 31" [_thread_blocked, id=3868, stack(0x00000078f3d00000,0x00000078f3e00000)]
  0x00000203a6d56800 JavaThread "Unconstrained build operations Thread 32" [_thread_blocked, id=2016, stack(0x00000078f3e00000,0x00000078f3f00000)]
  0x00000203a6d52000 JavaThread "Unconstrained build operations Thread 33" [_thread_blocked, id=2316, stack(0x00000078f3f00000,0x00000078f4000000)]
  0x00000203a6d58000 JavaThread "Unconstrained build operations Thread 34" [_thread_blocked, id=15164, stack(0x00000078f4000000,0x00000078f4100000)]
  0x00000203a6d55800 JavaThread "Unconstrained build operations Thread 35" [_thread_blocked, id=13656, stack(0x00000078f4100000,0x00000078f4200000)]
  0x00000203a6d57000 JavaThread "Unconstrained build operations Thread 36" [_thread_blocked, id=11148, stack(0x00000078f4200000,0x00000078f4300000)]
  0x00000203a6d58800 JavaThread "Unconstrained build operations Thread 37" [_thread_blocked, id=15192, stack(0x00000078f4300000,0x00000078f4400000)]
  0x00000203a6d53000 JavaThread "Unconstrained build operations Thread 38" [_thread_blocked, id=2864, stack(0x00000078f4400000,0x00000078f4500000)]
  0x00000203a6d54000 JavaThread "Unconstrained build operations Thread 39" [_thread_blocked, id=11888, stack(0x00000078f4500000,0x00000078f4600000)]
  0x00000203a6d5e800 JavaThread "Unconstrained build operations Thread 40" [_thread_blocked, id=14728, stack(0x00000078f4600000,0x00000078f4700000)]
  0x00000203a6d5f000 JavaThread "Unconstrained build operations Thread 41" [_thread_blocked, id=7936, stack(0x00000078f4700000,0x00000078f4800000)]
  0x00000203a6d5a800 JavaThread "Unconstrained build operations Thread 42" [_thread_blocked, id=15144, stack(0x00000078f4800000,0x00000078f4900000)]
  0x00000203a6d5b000 JavaThread "Unconstrained build operations Thread 43" [_thread_blocked, id=1536, stack(0x00000078f4900000,0x00000078f4a00000)]
  0x00000203a6d59800 JavaThread "Unconstrained build operations Thread 44" [_thread_blocked, id=8664, stack(0x00000078f4a00000,0x00000078f4b00000)]
  0x00000203a6d5c000 JavaThread "Unconstrained build operations Thread 45" [_thread_blocked, id=8096, stack(0x00000078f4b00000,0x00000078f4c00000)]
  0x00000203a6d60000 JavaThread "Unconstrained build operations Thread 46" [_thread_blocked, id=13468, stack(0x00000078f4c00000,0x00000078f4d00000)]
  0x00000203a6d61000 JavaThread "Unconstrained build operations Thread 47" [_thread_blocked, id=5704, stack(0x00000078f4d00000,0x00000078f4e00000)]
  0x00000203a6d5d000 JavaThread "Unconstrained build operations Thread 48" [_thread_blocked, id=10132, stack(0x00000078f4e00000,0x00000078f4f00000)]
  0x00000203a6d5d800 JavaThread "Unconstrained build operations Thread 49" [_thread_blocked, id=3832, stack(0x00000078f4f00000,0x00000078f5000000)]
  0x00000203a9912000 JavaThread "Unconstrained build operations Thread 50" [_thread_blocked, id=13964, stack(0x00000078f5000000,0x00000078f5100000)]
  0x00000203a9916800 JavaThread "Unconstrained build operations Thread 51" [_thread_blocked, id=9572, stack(0x00000078f5100000,0x00000078f5200000)]
  0x00000203a9910800 JavaThread "Unconstrained build operations Thread 52" [_thread_blocked, id=13556, stack(0x00000078f5200000,0x00000078f5300000)]
  0x00000203a9917000 JavaThread "Unconstrained build operations Thread 53" [_thread_blocked, id=6452, stack(0x00000078f5300000,0x00000078f5400000)]
  0x00000203a9914000 JavaThread "Unconstrained build operations Thread 54" [_thread_blocked, id=14944, stack(0x00000078f5400000,0x00000078f5500000)]
  0x00000203a9915800 JavaThread "Unconstrained build operations Thread 55" [_thread_blocked, id=2080, stack(0x00000078f5500000,0x00000078f5600000)]
  0x00000203a9911800 JavaThread "Unconstrained build operations Thread 56" [_thread_blocked, id=13444, stack(0x00000078f5600000,0x00000078f5700000)]
  0x00000203a9914800 JavaThread "Unconstrained build operations Thread 57" [_thread_blocked, id=2656, stack(0x00000078f5700000,0x00000078f5800000)]
  0x00000203a9918000 JavaThread "Unconstrained build operations Thread 58" [_thread_blocked, id=14708, stack(0x00000078f5800000,0x00000078f5900000)]
  0x00000203a9919000 JavaThread "Unconstrained build operations Thread 59" [_thread_blocked, id=10136, stack(0x00000078f5900000,0x00000078f5a00000)]
  0x00000203a9913000 JavaThread "Unconstrained build operations Thread 60" [_thread_blocked, id=9644, stack(0x00000078f5a00000,0x00000078f5b00000)]
  0x00000203a991b000 JavaThread "Unconstrained build operations Thread 61" [_thread_blocked, id=13520, stack(0x00000078f5b00000,0x00000078f5c00000)]
  0x00000203a991c000 JavaThread "Unconstrained build operations Thread 62" [_thread_blocked, id=15076, stack(0x00000078f5c00000,0x00000078f5d00000)]
  0x00000203a991f800 JavaThread "Unconstrained build operations Thread 63" [_thread_blocked, id=15060, stack(0x00000078f5d00000,0x00000078f5e00000)]
  0x00000203a991a800 JavaThread "Unconstrained build operations Thread 64" [_thread_blocked, id=6828, stack(0x00000078f5e00000,0x00000078f5f00000)]
  0x00000203a9919800 JavaThread "Unconstrained build operations Thread 65" [_thread_blocked, id=8392, stack(0x00000078f5f00000,0x00000078f6000000)]
  0x00000203a991d000 JavaThread "Unconstrained build operations Thread 66" [_thread_blocked, id=13260, stack(0x00000078f6000000,0x00000078f6100000)]
  0x00000203a991d800 JavaThread "Unconstrained build operations Thread 67" [_thread_blocked, id=8752, stack(0x00000078f6100000,0x00000078f6200000)]
  0x00000203a991e800 JavaThread "Unconstrained build operations Thread 68" [_thread_blocked, id=10636, stack(0x00000078f6200000,0x00000078f6300000)]
  0x00000203a9c92800 JavaThread "Unconstrained build operations Thread 69" [_thread_blocked, id=12380, stack(0x00000078f6300000,0x00000078f6400000)]
  0x00000203a9c98800 JavaThread "Unconstrained build operations Thread 70" [_thread_blocked, id=8688, stack(0x00000078f6400000,0x00000078f6500000)]
  0x00000203a9c97000 JavaThread "Unconstrained build operations Thread 71" [_thread_blocked, id=12020, stack(0x00000078f6500000,0x00000078f6600000)]
  0x00000203a9c97800 JavaThread "Unconstrained build operations Thread 72" [_thread_blocked, id=5968, stack(0x00000078f6600000,0x00000078f6700000)]
  0x00000203a9c96000 JavaThread "Unconstrained build operations Thread 73" [_thread_blocked, id=12016, stack(0x00000078f6700000,0x00000078f6800000)]
  0x00000203a9c99000 JavaThread "Unconstrained build operations Thread 74" [_thread_blocked, id=3240, stack(0x00000078f6800000,0x00000078f6900000)]
  0x00000203a9c93800 JavaThread "Unconstrained build operations Thread 75" [_thread_blocked, id=5168, stack(0x00000078f6900000,0x00000078f6a00000)]
  0x00000203a9c9a000 JavaThread "Unconstrained build operations Thread 76" [_thread_blocked, id=8412, stack(0x00000078f6a00000,0x00000078f6b00000)]
  0x00000203a9c94800 JavaThread "Unconstrained build operations Thread 77" [_thread_blocked, id=11656, stack(0x00000078f6b00000,0x00000078f6c00000)]
  0x00000203a9c9b000 JavaThread "Unconstrained build operations Thread 78" [_thread_blocked, id=15180, stack(0x00000078f6c00000,0x00000078f6d00000)]
  0x00000203a9c95000 JavaThread "Unconstrained build operations Thread 79" [_thread_blocked, id=10580, stack(0x00000078f6d00000,0x00000078f6e00000)]
  0x00000203a9ca1800 JavaThread "Unconstrained build operations Thread 80" [_thread_blocked, id=1460, stack(0x00000078f6e00000,0x00000078f6f00000)]
=>0x00000203ab119000 JavaThread "C2 CompilerThread1" daemon [_thread_in_native, id=9048, stack(0x00000078f6f00000,0x00000078f7000000)]

Other Threads:
  0x00000203a5cc2800 VMThread "VM Thread" [stack: 0x00000078eed00000,0x00000078eee00000] [id=12496]
  0x00000203a5ed7800 WatcherThread [stack: 0x00000078ef700000,0x00000078ef800000] [id=11684]
  0x000002038a7e4800 GCTaskThread "GC Thread#0" [stack: 0x00000078ee800000,0x00000078ee900000] [id=13384]
  0x00000203a6a80800 GCTaskThread "GC Thread#1" [stack: 0x00000078ef900000,0x00000078efa00000] [id=13708]
  0x00000203a6cbc800 GCTaskThread "GC Thread#2" [stack: 0x00000078efa00000,0x00000078efb00000] [id=884]
  0x00000203a6d71800 GCTaskThread "GC Thread#3" [stack: 0x00000078efb00000,0x00000078efc00000] [id=1756]
  0x00000203a81fd800 GCTaskThread "GC Thread#4" [stack: 0x00000078f0800000,0x00000078f0900000] [id=720]
  0x00000203a9167800 GCTaskThread "GC Thread#5" [stack: 0x00000078f0900000,0x00000078f0a00000] [id=6648]
  0x00000203a9168000 GCTaskThread "GC Thread#6" [stack: 0x00000078f0a00000,0x00000078f0b00000] [id=10916]
  0x00000203a8e2b000 GCTaskThread "GC Thread#7" [stack: 0x00000078f0b00000,0x00000078f0c00000] [id=1012]
  0x000002038a818800 ConcurrentGCThread "G1 Main Marker" [stack: 0x00000078ee900000,0x00000078eea00000] [id=5768]
  0x000002038a81a000 ConcurrentGCThread "G1 Conc#0" [stack: 0x00000078eea00000,0x00000078eeb00000] [id=14512]
  0x00000203a6d6a000 ConcurrentGCThread "G1 Conc#1" [stack: 0x00000078f0c00000,0x00000078f0d00000] [id=5588]
  0x00000203a530b800 ConcurrentGCThread "G1 Refine#0" [stack: 0x00000078eeb00000,0x00000078eec00000] [id=10956]
  0x00000203a530c000 ConcurrentGCThread "G1 Young RemSet Sampling" [stack: 0x00000078eec00000,0x00000078eed00000] [id=15064]

Threads with active compile tasks:
C2 CompilerThread0  12473 6236       4       java.util.regex.Pattern::split (290 bytes)
C2 CompilerThread1  12473 6238       4       java.lang.String::split (324 bytes)

VM state:not at safepoint (normal execution)

VM Mutex/Monitor currently owned by a thread: None

Heap address: 0x0000000080000000, size: 2048 MB, Compressed Oops mode: 32-bit
Narrow klass base: 0x0000000000000000, Narrow klass shift: 3
Compressed class space size: 1073741824 Address: 0x0000000100000000

Heap:
 garbage-first heap   total 196608K, used 83919K [0x0000000080000000, 0x0000000100000000)
  region size 1024K, 11 young (11264K), 6 survivors (6144K)
 Metaspace       used 59423K, capacity 61135K, committed 61376K, reserved 1101824K
  class space    used 7614K, capacity 8197K, committed 8320K, reserved 1048576K
Heap Regions: E=young(eden), S=young(survivor), O=old, HS=humongous(starts), HC=humongous(continues), CS=collection set, F=free, A=archive, TAMS=top-at-mark-start (previous, next)
|   0|0x0000000080000000, 0x0000000080100000, 0x0000000080100000|100%| O|  |TAMS 0x0000000080100000, 0x0000000080000000| Untracked 
|   1|0x0000000080100000, 0x0000000080200000, 0x0000000080200000|100%| O|  |TAMS 0x0000000080200000, 0x0000000080100000| Untracked 
|   2|0x0000000080200000, 0x0000000080300000, 0x0000000080300000|100%| O|  |TAMS 0x0000000080300000, 0x0000000080200000| Untracked 
|   3|0x0000000080300000, 0x0000000080400000, 0x0000000080400000|100%|HS|  |TAMS 0x0000000080400000, 0x0000000080300000| Complete 
|   4|0x0000000080400000, 0x0000000080500000, 0x0000000080500000|100%|HC|  |TAMS 0x0000000080500000, 0x0000000080400000| Complete 
|   5|0x0000000080500000, 0x0000000080600000, 0x0000000080600000|100%|HC|  |TAMS 0x0000000080600000, 0x0000000080500000| Complete 
|   6|0x0000000080600000, 0x0000000080700000, 0x0000000080700000|100%| O|  |TAMS 0x0000000080700000, 0x0000000080600000| Untracked 
|   7|0x0000000080700000, 0x0000000080800000, 0x0000000080800000|100%| O|  |TAMS 0x0000000080800000, 0x0000000080700000| Untracked 
|   8|0x0000000080800000, 0x0000000080900000, 0x0000000080900000|100%| O|  |TAMS 0x0000000080900000, 0x0000000080800000| Untracked 
|   9|0x0000000080900000, 0x0000000080a00000, 0x0000000080a00000|100%| O|  |TAMS 0x0000000080a00000, 0x0000000080900000| Untracked 
|  10|0x0000000080a00000, 0x0000000080b00000, 0x0000000080b00000|100%| O|  |TAMS 0x0000000080b00000, 0x0000000080a00000| Untracked 
|  11|0x0000000080b00000, 0x0000000080c00000, 0x0000000080c00000|100%| O|  |TAMS 0x0000000080c00000, 0x0000000080b00000| Untracked 
|  12|0x0000000080c00000, 0x0000000080d00000, 0x0000000080d00000|100%| O|  |TAMS 0x0000000080d00000, 0x0000000080c00000| Untracked 
|  13|0x0000000080d00000, 0x0000000080e00000, 0x0000000080e00000|100%| O|  |TAMS 0x0000000080e00000, 0x0000000080d00000| Untracked 
|  14|0x0000000080e00000, 0x0000000080f00000, 0x0000000080f00000|100%| O|  |TAMS 0x0000000080f00000, 0x0000000080e00000| Untracked 
|  15|0x0000000080f00000, 0x0000000081000000, 0x0000000081000000|100%| O|  |TAMS 0x0000000081000000, 0x0000000080f00000| Untracked 
|  16|0x0000000081000000, 0x0000000081100000, 0x0000000081100000|100%|HS|  |TAMS 0x0000000081100000, 0x0000000081000000| Complete 
|  17|0x0000000081100000, 0x0000000081200000, 0x0000000081200000|100%|HC|  |TAMS 0x0000000081200000, 0x0000000081100000| Complete 
|  18|0x0000000081200000, 0x0000000081300000, 0x0000000081300000|100%|HS|  |TAMS 0x0000000081300000, 0x0000000081200000| Complete 
|  19|0x0000000081300000, 0x0000000081400000, 0x0000000081400000|100%|HC|  |TAMS 0x0000000081400000, 0x0000000081300000| Complete 
|  20|0x0000000081400000, 0x0000000081500000, 0x0000000081500000|100%|HC|  |TAMS 0x0000000081500000, 0x0000000081400000| Complete 
|  21|0x0000000081500000, 0x0000000081600000, 0x0000000081600000|100%|HS|  |TAMS 0x0000000081600000, 0x0000000081500000| Complete 
|  22|0x0000000081600000, 0x0000000081700000, 0x0000000081700000|100%|HC|  |TAMS 0x0000000081700000, 0x0000000081600000| Complete 
|  23|0x0000000081700000, 0x0000000081800000, 0x0000000081800000|100%|HC|  |TAMS 0x0000000081800000, 0x0000000081700000| Complete 
|  24|0x0000000081800000, 0x0000000081900000, 0x0000000081900000|100%|HS|  |TAMS 0x0000000081900000, 0x0000000081800000| Complete 
|  25|0x0000000081900000, 0x0000000081a00000, 0x0000000081a00000|100%|HC|  |TAMS 0x0000000081a00000, 0x0000000081900000| Complete 
|  26|0x0000000081a00000, 0x0000000081b00000, 0x0000000081b00000|100%|HC|  |TAMS 0x0000000081b00000, 0x0000000081a00000| Complete 
|  27|0x0000000081b00000, 0x0000000081c00000, 0x0000000081c00000|100%|HC|  |TAMS 0x0000000081c00000, 0x0000000081b00000| Complete 
|  28|0x0000000081c00000, 0x0000000081d00000, 0x0000000081d00000|100%|HS|  |TAMS 0x0000000081d00000, 0x0000000081c00000| Complete 
|  29|0x0000000081d00000, 0x0000000081e00000, 0x0000000081e00000|100%|HC|  |TAMS 0x0000000081e00000, 0x0000000081d00000| Complete 
|  30|0x0000000081e00000, 0x0000000081f00000, 0x0000000081f00000|100%|HC|  |TAMS 0x0000000081f00000, 0x0000000081e00000| Complete 
|  31|0x0000000081f00000, 0x0000000082000000, 0x0000000082000000|100%|HC|  |TAMS 0x0000000082000000, 0x0000000081f00000| Complete 
|  32|0x0000000082000000, 0x0000000082100000, 0x0000000082100000|100%|HC|  |TAMS 0x0000000082100000, 0x0000000082000000| Complete 
|  33|0x0000000082100000, 0x0000000082200000, 0x0000000082200000|100%| O|  |TAMS 0x0000000082200000, 0x0000000082100000| Untracked 
|  34|0x0000000082200000, 0x0000000082300000, 0x0000000082300000|100%| O|  |TAMS 0x0000000082300000, 0x0000000082200000| Untracked 
|  35|0x0000000082300000, 0x0000000082400000, 0x0000000082400000|100%| O|  |TAMS 0x0000000082400000, 0x0000000082300000| Untracked 
|  36|0x0000000082400000, 0x0000000082500000, 0x0000000082500000|100%|HS|  |TAMS 0x0000000082500000, 0x0000000082400000| Complete 
|  37|0x0000000082500000, 0x0000000082600000, 0x0000000082600000|100%|HC|  |TAMS 0x0000000082600000, 0x0000000082500000| Complete 
|  38|0x0000000082600000, 0x0000000082700000, 0x0000000082700000|100%|HS|  |TAMS 0x0000000082700000, 0x0000000082600000| Complete 
|  39|0x0000000082700000, 0x0000000082800000, 0x0000000082800000|100%|HC|  |TAMS 0x0000000082800000, 0x0000000082700000| Complete 
|  40|0x0000000082800000, 0x0000000082900000, 0x0000000082900000|100%|HC|  |TAMS 0x0000000082900000, 0x0000000082800000| Complete 
|  41|0x0000000082900000, 0x0000000082a00000, 0x0000000082a00000|100%|HC|  |TAMS 0x0000000082a00000, 0x0000000082900000| Complete 
|  42|0x0000000082a00000, 0x0000000082b00000, 0x0000000082b00000|100%|HS|  |TAMS 0x0000000082b00000, 0x0000000082a00000| Complete 
|  43|0x0000000082b00000, 0x0000000082c00000, 0x0000000082c00000|100%|HC|  |TAMS 0x0000000082c00000, 0x0000000082b00000| Complete 
|  44|0x0000000082c00000, 0x0000000082d00000, 0x0000000082d00000|100%|HC|  |TAMS 0x0000000082d00000, 0x0000000082c00000| Complete 
|  45|0x0000000082d00000, 0x0000000082e00000, 0x0000000082e00000|100%|HS|  |TAMS 0x0000000082e00000, 0x0000000082d00000| Complete 
|  46|0x0000000082e00000, 0x0000000082f00000, 0x0000000082f00000|100%|HC|  |TAMS 0x0000000082f00000, 0x0000000082e00000| Complete 
|  47|0x0000000082f00000, 0x0000000083000000, 0x0000000083000000|100%|HC|  |TAMS 0x0000000083000000, 0x0000000082f00000| Complete 
|  48|0x0000000083000000, 0x0000000083100000, 0x0000000083100000|100%| O|  |TAMS 0x0000000083100000, 0x0000000083000000| Untracked 
|  49|0x0000000083100000, 0x0000000083200000, 0x0000000083200000|100%| O|  |TAMS 0x0000000083200000, 0x0000000083100000| Untracked 
|  50|0x0000000083200000, 0x0000000083300000, 0x0000000083300000|100%| O|  |TAMS 0x0000000083300000, 0x0000000083200000| Untracked 
|  51|0x0000000083300000, 0x0000000083400000, 0x0000000083400000|100%| O|  |TAMS 0x0000000083400000, 0x0000000083300000| Untracked 
|  52|0x0000000083400000, 0x0000000083500000, 0x0000000083500000|100%| O|  |TAMS 0x0000000083500000, 0x0000000083400000| Untracked 
|  53|0x0000000083500000, 0x0000000083600000, 0x0000000083600000|100%| O|  |TAMS 0x0000000083600000, 0x0000000083500000| Untracked 
|  54|0x0000000083600000, 0x0000000083700000, 0x0000000083700000|100%| O|  |TAMS 0x0000000083700000, 0x0000000083600000| Untracked 
|  55|0x0000000083700000, 0x0000000083800000, 0x0000000083800000|100%| O|  |TAMS 0x0000000083800000, 0x0000000083700000| Untracked 
|  56|0x0000000083800000, 0x0000000083900000, 0x0000000083900000|100%| O|  |TAMS 0x0000000083900000, 0x0000000083800000| Untracked 
|  57|0x0000000083900000, 0x0000000083a00000, 0x0000000083a00000|100%| O|  |TAMS 0x0000000083a00000, 0x0000000083900000| Untracked 
|  58|0x0000000083a00000, 0x0000000083b00000, 0x0000000083b00000|100%| O|  |TAMS 0x0000000083b00000, 0x0000000083a00000| Untracked 
|  59|0x0000000083b00000, 0x0000000083c00000, 0x0000000083c00000|100%| O|  |TAMS 0x0000000083c00000, 0x0000000083b00000| Untracked 
|  60|0x0000000083c00000, 0x0000000083d00000, 0x0000000083d00000|100%| O|  |TAMS 0x0000000083d00000, 0x0000000083c00000| Untracked 
|  61|0x0000000083d00000, 0x0000000083e00000, 0x0000000083e00000|100%| O|  |TAMS 0x0000000083e00000, 0x0000000083d00000| Untracked 
|  62|0x0000000083e00000, 0x0000000083f00000, 0x0000000083f00000|100%| O|  |TAMS 0x0000000083f00000, 0x0000000083e00000| Untracked 
|  63|0x0000000083f00000, 0x0000000084000000, 0x0000000084000000|100%| O|  |TAMS 0x0000000084000000, 0x0000000083f00000| Untracked 
|  64|0x0000000084000000, 0x0000000084100000, 0x0000000084100000|100%|HS|  |TAMS 0x0000000084100000, 0x0000000084000000| Complete 
|  65|0x0000000084100000, 0x0000000084200000, 0x0000000084200000|100%|HC|  |TAMS 0x0000000084200000, 0x0000000084100000| Complete 
|  66|0x0000000084200000, 0x0000000084300000, 0x0000000084300000|100%|HC|  |TAMS 0x0000000084300000, 0x0000000084200000| Complete 
|  67|0x0000000084300000, 0x0000000084400000, 0x0000000084400000|100%|HC|  |TAMS 0x0000000084400000, 0x0000000084300000| Complete 
|  68|0x0000000084400000, 0x0000000084500000, 0x0000000084500000|100%|HC|  |TAMS 0x0000000084500000, 0x0000000084400000| Complete 
|  69|0x0000000084500000, 0x0000000084600000, 0x0000000084600000|100%| O|  |TAMS 0x0000000084600000, 0x0000000084500000| Untracked 
|  70|0x0000000084600000, 0x0000000084700000, 0x0000000084700000|100%| O|  |TAMS 0x0000000084700000, 0x0000000084600000| Untracked 
|  71|0x0000000084700000, 0x0000000084800000, 0x0000000084800000|100%| O|  |TAMS 0x0000000084800000, 0x0000000084700000| Untracked 
|  72|0x0000000084800000, 0x0000000084857e00, 0x0000000084900000| 34%| O|  |TAMS 0x0000000084857e00, 0x0000000084800000| Untracked 
|  73|0x0000000084900000, 0x0000000084900000, 0x0000000084a00000|  0%| F|  |TAMS 0x0000000084900000, 0x0000000084900000| Untracked 
|  74|0x0000000084a00000, 0x0000000084a00000, 0x0000000084b00000|  0%| F|  |TAMS 0x0000000084a00000, 0x0000000084a00000| Untracked 
|  75|0x0000000084b00000, 0x0000000084b00000, 0x0000000084c00000|  0%| F|  |TAMS 0x0000000084b00000, 0x0000000084b00000| Untracked 
|  76|0x0000000084c00000, 0x0000000084c00000, 0x0000000084d00000|  0%| F|  |TAMS 0x0000000084c00000, 0x0000000084c00000| Untracked 
|  77|0x0000000084d00000, 0x0000000084d00000, 0x0000000084e00000|  0%| F|  |TAMS 0x0000000084d00000, 0x0000000084d00000| Untracked 
|  78|0x0000000084e00000, 0x0000000084e00000, 0x0000000084f00000|  0%| F|  |TAMS 0x0000000084e00000, 0x0000000084e00000| Untracked 
|  79|0x0000000084f00000, 0x0000000084f00000, 0x0000000085000000|  0%| F|  |TAMS 0x0000000084f00000, 0x0000000084f00000| Untracked 
|  80|0x0000000085000000, 0x0000000085000000, 0x0000000085100000|  0%| F|  |TAMS 0x0000000085000000, 0x0000000085000000| Untracked 
|  81|0x0000000085100000, 0x0000000085100000, 0x0000000085200000|  0%| F|  |TAMS 0x0000000085100000, 0x0000000085100000| Untracked 
|  82|0x0000000085200000, 0x0000000085200000, 0x0000000085300000|  0%| F|  |TAMS 0x0000000085200000, 0x0000000085200000| Untracked 
|  83|0x0000000085300000, 0x0000000085300000, 0x0000000085400000|  0%| F|  |TAMS 0x0000000085300000, 0x0000000085300000| Untracked 
|  84|0x0000000085400000, 0x0000000085400000, 0x0000000085500000|  0%| F|  |TAMS 0x0000000085400000, 0x0000000085400000| Untracked 
|  85|0x0000000085500000, 0x0000000085500000, 0x0000000085600000|  0%| F|  |TAMS 0x0000000085500000, 0x0000000085500000| Untracked 
|  86|0x0000000085600000, 0x0000000085600000, 0x0000000085700000|  0%| F|  |TAMS 0x0000000085600000, 0x0000000085600000| Untracked 
|  87|0x0000000085700000, 0x0000000085700000, 0x0000000085800000|  0%| F|  |TAMS 0x0000000085700000, 0x0000000085700000| Untracked 
|  88|0x0000000085800000, 0x0000000085800000, 0x0000000085900000|  0%| F|  |TAMS 0x0000000085800000, 0x0000000085800000| Untracked 
|  89|0x0000000085900000, 0x0000000085900000, 0x0000000085a00000|  0%| F|  |TAMS 0x0000000085900000, 0x0000000085900000| Untracked 
|  90|0x0000000085a00000, 0x0000000085a00000, 0x0000000085b00000|  0%| F|  |TAMS 0x0000000085a00000, 0x0000000085a00000| Untracked 
|  91|0x0000000085b00000, 0x0000000085b00000, 0x0000000085c00000|  0%| F|  |TAMS 0x0000000085b00000, 0x0000000085b00000| Untracked 
|  92|0x0000000085c00000, 0x0000000085c00000, 0x0000000085d00000|  0%| F|  |TAMS 0x0000000085c00000, 0x0000000085c00000| Untracked 
|  93|0x0000000085d00000, 0x0000000085d00000, 0x0000000085e00000|  0%| F|  |TAMS 0x0000000085d00000, 0x0000000085d00000| Untracked 
|  94|0x0000000085e00000, 0x0000000085e00000, 0x0000000085f00000|  0%| F|  |TAMS 0x0000000085e00000, 0x0000000085e00000| Untracked 
|  95|0x0000000085f00000, 0x0000000085f00000, 0x0000000086000000|  0%| F|  |TAMS 0x0000000085f00000, 0x0000000085f00000| Untracked 
|  96|0x0000000086000000, 0x0000000086000000, 0x0000000086100000|  0%| F|  |TAMS 0x0000000086000000, 0x0000000086000000| Untracked 
|  97|0x0000000086100000, 0x0000000086100000, 0x0000000086200000|  0%| F|  |TAMS 0x0000000086100000, 0x0000000086100000| Untracked 
|  98|0x0000000086200000, 0x0000000086200000, 0x0000000086300000|  0%| F|  |TAMS 0x0000000086200000, 0x0000000086200000| Untracked 
|  99|0x0000000086300000, 0x0000000086300000, 0x0000000086400000|  0%| F|  |TAMS 0x0000000086300000, 0x0000000086300000| Untracked 
| 100|0x0000000086400000, 0x0000000086400000, 0x0000000086500000|  0%| F|  |TAMS 0x0000000086400000, 0x0000000086400000| Untracked 
| 101|0x0000000086500000, 0x0000000086500000, 0x0000000086600000|  0%| F|  |TAMS 0x0000000086500000, 0x0000000086500000| Untracked 
| 102|0x0000000086600000, 0x0000000086600000, 0x0000000086700000|  0%| F|  |TAMS 0x0000000086600000, 0x0000000086600000| Untracked 
| 103|0x0000000086700000, 0x0000000086700000, 0x0000000086800000|  0%| F|  |TAMS 0x0000000086700000, 0x0000000086700000| Untracked 
| 104|0x0000000086800000, 0x0000000086800000, 0x0000000086900000|  0%| F|  |TAMS 0x0000000086800000, 0x0000000086800000| Untracked 
| 105|0x0000000086900000, 0x0000000086900000, 0x0000000086a00000|  0%| F|  |TAMS 0x0000000086900000, 0x0000000086900000| Untracked 
| 106|0x0000000086a00000, 0x0000000086a00000, 0x0000000086b00000|  0%| F|  |TAMS 0x0000000086a00000, 0x0000000086a00000| Untracked 
| 107|0x0000000086b00000, 0x0000000086b00000, 0x0000000086c00000|  0%| F|  |TAMS 0x0000000086b00000, 0x0000000086b00000| Untracked 
| 108|0x0000000086c00000, 0x0000000086c00000, 0x0000000086d00000|  0%| F|  |TAMS 0x0000000086c00000, 0x0000000086c00000| Untracked 
| 109|0x0000000086d00000, 0x0000000086d00000, 0x0000000086e00000|  0%| F|  |TAMS 0x0000000086d00000, 0x0000000086d00000| Untracked 
| 110|0x0000000086e00000, 0x0000000086e00000, 0x0000000086f00000|  0%| F|  |TAMS 0x0000000086e00000, 0x0000000086e00000| Untracked 
| 111|0x0000000086f00000, 0x0000000086f00000, 0x0000000087000000|  0%| F|  |TAMS 0x0000000086f00000, 0x0000000086f00000| Untracked 
| 112|0x0000000087000000, 0x0000000087000000, 0x0000000087100000|  0%| F|  |TAMS 0x0000000087000000, 0x0000000087000000| Untracked 
| 113|0x0000000087100000, 0x0000000087100000, 0x0000000087200000|  0%| F|  |TAMS 0x0000000087100000, 0x0000000087100000| Untracked 
| 114|0x0000000087200000, 0x0000000087200000, 0x0000000087300000|  0%| F|  |TAMS 0x0000000087200000, 0x0000000087200000| Untracked 
| 115|0x0000000087300000, 0x0000000087300000, 0x0000000087400000|  0%| F|  |TAMS 0x0000000087300000, 0x0000000087300000| Untracked 
| 116|0x0000000087400000, 0x0000000087400000, 0x0000000087500000|  0%| F|  |TAMS 0x0000000087400000, 0x0000000087400000| Untracked 
| 117|0x0000000087500000, 0x0000000087500000, 0x0000000087600000|  0%| F|  |TAMS 0x0000000087500000, 0x0000000087500000| Untracked 
| 118|0x0000000087600000, 0x0000000087600000, 0x0000000087700000|  0%| F|  |TAMS 0x0000000087600000, 0x0000000087600000| Untracked 
| 119|0x0000000087700000, 0x0000000087700000, 0x0000000087800000|  0%| F|  |TAMS 0x0000000087700000, 0x0000000087700000| Untracked 
| 120|0x0000000087800000, 0x0000000087800000, 0x0000000087900000|  0%| F|  |TAMS 0x0000000087800000, 0x0000000087800000| Untracked 
| 121|0x0000000087900000, 0x0000000087900000, 0x0000000087a00000|  0%| F|  |TAMS 0x0000000087900000, 0x0000000087900000| Untracked 
| 122|0x0000000087a00000, 0x0000000087a00000, 0x0000000087b00000|  0%| F|  |TAMS 0x0000000087a00000, 0x0000000087a00000| Untracked 
| 123|0x0000000087b00000, 0x0000000087b00000, 0x0000000087c00000|  0%| F|  |TAMS 0x0000000087b00000, 0x0000000087b00000| Untracked 
| 124|0x0000000087c00000, 0x0000000087c00000, 0x0000000087d00000|  0%| F|  |TAMS 0x0000000087c00000, 0x0000000087c00000| Untracked 
| 125|0x0000000087d00000, 0x0000000087d00000, 0x0000000087e00000|  0%| F|  |TAMS 0x0000000087d00000, 0x0000000087d00000| Untracked 
| 126|0x0000000087e00000, 0x0000000087e00000, 0x0000000087f00000|  0%| F|  |TAMS 0x0000000087e00000, 0x0000000087e00000| Untracked 
| 127|0x0000000087f00000, 0x0000000087f00000, 0x0000000088000000|  0%| F|  |TAMS 0x0000000087f00000, 0x0000000087f00000| Untracked 
| 128|0x0000000088000000, 0x0000000088000000, 0x0000000088100000|  0%| F|  |TAMS 0x0000000088000000, 0x0000000088000000| Untracked 
| 129|0x0000000088100000, 0x0000000088100000, 0x0000000088200000|  0%| F|  |TAMS 0x0000000088100000, 0x0000000088100000| Untracked 
| 130|0x0000000088200000, 0x0000000088200000, 0x0000000088300000|  0%| F|  |TAMS 0x0000000088200000, 0x0000000088200000| Untracked 
| 131|0x0000000088300000, 0x0000000088300000, 0x0000000088400000|  0%| F|  |TAMS 0x0000000088300000, 0x0000000088300000| Untracked 
| 132|0x0000000088400000, 0x0000000088400000, 0x0000000088500000|  0%| F|  |TAMS 0x0000000088400000, 0x0000000088400000| Untracked 
| 133|0x0000000088500000, 0x0000000088500000, 0x0000000088600000|  0%| F|  |TAMS 0x0000000088500000, 0x0000000088500000| Untracked 
| 134|0x0000000088600000, 0x0000000088600000, 0x0000000088700000|  0%| F|  |TAMS 0x0000000088600000, 0x0000000088600000| Untracked 
| 135|0x0000000088700000, 0x0000000088700000, 0x0000000088800000|  0%| F|  |TAMS 0x0000000088700000, 0x0000000088700000| Untracked 
| 136|0x0000000088800000, 0x0000000088800000, 0x0000000088900000|  0%| F|  |TAMS 0x0000000088800000, 0x0000000088800000| Untracked 
| 137|0x0000000088900000, 0x0000000088900000, 0x0000000088a00000|  0%| F|  |TAMS 0x0000000088900000, 0x0000000088900000| Untracked 
| 138|0x0000000088a00000, 0x0000000088a00000, 0x0000000088b00000|  0%| F|  |TAMS 0x0000000088a00000, 0x0000000088a00000| Untracked 
| 139|0x0000000088b00000, 0x0000000088b00000, 0x0000000088c00000|  0%| F|  |TAMS 0x0000000088b00000, 0x0000000088b00000| Untracked 
| 140|0x0000000088c00000, 0x0000000088c00000, 0x0000000088d00000|  0%| F|  |TAMS 0x0000000088c00000, 0x0000000088c00000| Untracked 
| 141|0x0000000088d00000, 0x0000000088d00000, 0x0000000088e00000|  0%| F|  |TAMS 0x0000000088d00000, 0x0000000088d00000| Untracked 
| 142|0x0000000088e00000, 0x0000000088e00000, 0x0000000088f00000|  0%| F|  |TAMS 0x0000000088e00000, 0x0000000088e00000| Untracked 
| 143|0x0000000088f00000, 0x0000000088f00000, 0x0000000089000000|  0%| F|  |TAMS 0x0000000088f00000, 0x0000000088f00000| Untracked 
| 144|0x0000000089000000, 0x0000000089000000, 0x0000000089100000|  0%| F|  |TAMS 0x0000000089000000, 0x0000000089000000| Untracked 
| 145|0x0000000089100000, 0x0000000089100000, 0x0000000089200000|  0%| F|  |TAMS 0x0000000089100000, 0x0000000089100000| Untracked 
| 146|0x0000000089200000, 0x0000000089200000, 0x0000000089300000|  0%| F|  |TAMS 0x0000000089200000, 0x0000000089200000| Untracked 
| 147|0x0000000089300000, 0x0000000089300000, 0x0000000089400000|  0%| F|  |TAMS 0x0000000089300000, 0x0000000089300000| Untracked 
| 148|0x0000000089400000, 0x0000000089400000, 0x0000000089500000|  0%| F|  |TAMS 0x0000000089400000, 0x0000000089400000| Untracked 
| 149|0x0000000089500000, 0x0000000089500000, 0x0000000089600000|  0%| F|  |TAMS 0x0000000089500000, 0x0000000089500000| Untracked 
| 150|0x0000000089600000, 0x0000000089600000, 0x0000000089700000|  0%| F|  |TAMS 0x0000000089600000, 0x0000000089600000| Untracked 
| 151|0x0000000089700000, 0x0000000089700000, 0x0000000089800000|  0%| F|  |TAMS 0x0000000089700000, 0x0000000089700000| Untracked 
| 152|0x0000000089800000, 0x0000000089800000, 0x0000000089900000|  0%| F|  |TAMS 0x0000000089800000, 0x0000000089800000| Untracked 
| 153|0x0000000089900000, 0x0000000089900000, 0x0000000089a00000|  0%| F|  |TAMS 0x0000000089900000, 0x0000000089900000| Untracked 
| 154|0x0000000089a00000, 0x0000000089a00000, 0x0000000089b00000|  0%| F|  |TAMS 0x0000000089a00000, 0x0000000089a00000| Untracked 
| 155|0x0000000089b00000, 0x0000000089b00000, 0x0000000089c00000|  0%| F|  |TAMS 0x0000000089b00000, 0x0000000089b00000| Untracked 
| 156|0x0000000089c00000, 0x0000000089c00000, 0x0000000089d00000|  0%| F|  |TAMS 0x0000000089c00000, 0x0000000089c00000| Untracked 
| 157|0x0000000089d00000, 0x0000000089d00000, 0x0000000089e00000|  0%| F|  |TAMS 0x0000000089d00000, 0x0000000089d00000| Untracked 
| 158|0x0000000089e00000, 0x0000000089e00000, 0x0000000089f00000|  0%| F|  |TAMS 0x0000000089e00000, 0x0000000089e00000| Untracked 
| 159|0x0000000089f00000, 0x0000000089f00000, 0x000000008a000000|  0%| F|  |TAMS 0x0000000089f00000, 0x0000000089f00000| Untracked 
| 160|0x000000008a000000, 0x000000008a000000, 0x000000008a100000|  0%| F|  |TAMS 0x000000008a000000, 0x000000008a000000| Untracked 
| 161|0x000000008a100000, 0x000000008a100000, 0x000000008a200000|  0%| F|  |TAMS 0x000000008a100000, 0x000000008a100000| Untracked 
| 162|0x000000008a200000, 0x000000008a200000, 0x000000008a300000|  0%| F|  |TAMS 0x000000008a200000, 0x000000008a200000| Untracked 
| 163|0x000000008a300000, 0x000000008a300000, 0x000000008a400000|  0%| F|  |TAMS 0x000000008a300000, 0x000000008a300000| Untracked 
| 164|0x000000008a400000, 0x000000008a400000, 0x000000008a500000|  0%| F|  |TAMS 0x000000008a400000, 0x000000008a400000| Untracked 
| 165|0x000000008a500000, 0x000000008a500000, 0x000000008a600000|  0%| F|  |TAMS 0x000000008a500000, 0x000000008a500000| Untracked 
| 166|0x000000008a600000, 0x000000008a600000, 0x000000008a700000|  0%| F|  |TAMS 0x000000008a600000, 0x000000008a600000| Untracked 
| 167|0x000000008a700000, 0x000000008a79bf28, 0x000000008a800000| 60%| S|CS|TAMS 0x000000008a700000, 0x000000008a700000| Complete 
| 168|0x000000008a800000, 0x000000008a900000, 0x000000008a900000|100%| S|CS|TAMS 0x000000008a800000, 0x000000008a800000| Complete 
| 169|0x000000008a900000, 0x000000008aa00000, 0x000000008aa00000|100%| S|CS|TAMS 0x000000008a900000, 0x000000008a900000| Complete 
| 170|0x000000008aa00000, 0x000000008ab00000, 0x000000008ab00000|100%| S|CS|TAMS 0x000000008aa00000, 0x000000008aa00000| Complete 
| 171|0x000000008ab00000, 0x000000008ac00000, 0x000000008ac00000|100%| S|CS|TAMS 0x000000008ab00000, 0x000000008ab00000| Complete 
| 172|0x000000008ac00000, 0x000000008ad00000, 0x000000008ad00000|100%| S|CS|TAMS 0x000000008ac00000, 0x000000008ac00000| Complete 
| 173|0x000000008ad00000, 0x000000008ad00000, 0x000000008ae00000|  0%| F|  |TAMS 0x000000008ad00000, 0x000000008ad00000| Untracked 
| 174|0x000000008ae00000, 0x000000008ae00000, 0x000000008af00000|  0%| F|  |TAMS 0x000000008ae00000, 0x000000008ae00000| Untracked 
| 175|0x000000008af00000, 0x000000008af00000, 0x000000008b000000|  0%| F|  |TAMS 0x000000008af00000, 0x000000008af00000| Untracked 
| 176|0x000000008b000000, 0x000000008b000000, 0x000000008b100000|  0%| F|  |TAMS 0x000000008b000000, 0x000000008b000000| Untracked 
| 177|0x000000008b100000, 0x000000008b100000, 0x000000008b200000|  0%| F|  |TAMS 0x000000008b100000, 0x000000008b100000| Untracked 
| 178|0x000000008b200000, 0x000000008b200000, 0x000000008b300000|  0%| F|  |TAMS 0x000000008b200000, 0x000000008b200000| Untracked 
| 179|0x000000008b300000, 0x000000008b300000, 0x000000008b400000|  0%| F|  |TAMS 0x000000008b300000, 0x000000008b300000| Untracked 
| 180|0x000000008b400000, 0x000000008b400000, 0x000000008b500000|  0%| F|  |TAMS 0x000000008b400000, 0x000000008b400000| Untracked 
| 181|0x000000008b500000, 0x000000008b500000, 0x000000008b600000|  0%| F|  |TAMS 0x000000008b500000, 0x000000008b500000| Untracked 
| 182|0x000000008b600000, 0x000000008b600000, 0x000000008b700000|  0%| F|  |TAMS 0x000000008b600000, 0x000000008b600000| Untracked 
| 183|0x000000008b700000, 0x000000008b700000, 0x000000008b800000|  0%| F|  |TAMS 0x000000008b700000, 0x000000008b700000| Untracked 
| 184|0x000000008b800000, 0x000000008b800000, 0x000000008b900000|  0%| F|  |TAMS 0x000000008b800000, 0x000000008b800000| Untracked 
| 185|0x000000008b900000, 0x000000008b91fb80, 0x000000008ba00000| 12%| E|  |TAMS 0x000000008b900000, 0x000000008b900000| Complete 
| 186|0x000000008ba00000, 0x000000008bb00000, 0x000000008bb00000|100%| E|CS|TAMS 0x000000008ba00000, 0x000000008ba00000| Complete 
| 187|0x000000008bb00000, 0x000000008bc00000, 0x000000008bc00000|100%| E|CS|TAMS 0x000000008bb00000, 0x000000008bb00000| Complete 
| 188|0x000000008bc00000, 0x000000008bd00000, 0x000000008bd00000|100%| E|CS|TAMS 0x000000008bc00000, 0x000000008bc00000| Complete 
| 189|0x000000008bd00000, 0x000000008be00000, 0x000000008be00000|100%| E|CS|TAMS 0x000000008bd00000, 0x000000008bd00000| Complete 
| 190|0x000000008be00000, 0x000000008bf00000, 0x000000008bf00000|100%| E|CS|TAMS 0x000000008be00000, 0x000000008be00000| Complete 
| 191|0x000000008bf00000, 0x000000008c000000, 0x000000008c000000|100%| E|CS|TAMS 0x000000008bf00000, 0x000000008bf00000| Complete 

Card table byte_map: [0x000002039e190000,0x000002039e590000] _byte_map_base: 0x000002039dd90000

Marking Bits (Prev, Next): (CMBitMap*) 0x000002038a80fb10, (CMBitMap*) 0x000002038a80fad8
 Prev Bits: [0x00000203a0990000, 0x00000203a2990000)
 Next Bits: [0x000002039e990000, 0x00000203a0990000)

Polling page: 0x000002038e2f0000

Metaspace:

Usage:
  Non-class:     51.76 MB capacity,    50.63 MB ( 98%) used,   986.98 KB (  2%) free+waste,   166.75 KB ( <1%) overhead. 
      Class:      8.04 MB capacity,     7.45 MB ( 93%) used,   521.95 KB (  6%) free+waste,    80.19 KB ( <1%) overhead. 
       Both:     59.80 MB capacity,    58.08 MB ( 97%) used,     1.47 MB (  2%) free+waste,   246.94 KB ( <1%) overhead. 

Virtual space:
  Non-class space:       52.00 MB reserved,      51.81 MB (>99%) committed 
      Class space:        1.00 GB reserved,       8.13 MB ( <1%) committed 
             Both:        1.05 GB reserved,      59.94 MB (  6%) committed 

Chunk freelists:
   Non-Class:  38.00 KB
       Class:  27.00 KB
        Both:  65.00 KB

MaxMetaspaceSize: 17179869184.00 GB
CompressedClassSpaceSize: 1.00 GB
Initial GC threshold: 20.80 MB
Current GC threshold: 98.86 MB
CDS: off

CodeHeap 'non-profiled nmethods': size=120000Kb used=3704Kb max_used=3704Kb free=116295Kb
 bounds [0x0000020395de0000, 0x0000020396180000, 0x000002039d310000]
CodeHeap 'profiled nmethods': size=120000Kb used=12929Kb max_used=12929Kb free=107071Kb
 bounds [0x000002038e8b0000, 0x000002038f560000, 0x0000020395de0000]
CodeHeap 'non-nmethods': size=5760Kb used=2321Kb max_used=2349Kb free=3438Kb
 bounds [0x000002038e310000, 0x000002038e580000, 0x000002038e8b0000]
 total_blobs=7131 nmethods=6301 adapters=742
 compilation: enabled
              stopped_count=0, restarted_count=0
 full_count=0

Compilation events (20 events):
Event: 12.423 Thread 0x00000203a5d37800 6307       3       sun.security.util.DerInputStream::reset (8 bytes)
Event: 12.424 Thread 0x00000203a5d37800 nmethod 6307 0x000002038f53a290 code [0x000002038f53a440, 0x000002038f53a7b8]
Event: 12.424 Thread 0x00000203a5d37800 6310   !   3       sun.security.util.DerValue::encode (87 bytes)
Event: 12.425 Thread 0x00000203a5d37800 nmethod 6310 0x000002038f53a890 code [0x000002038f53ab00, 0x000002038f53b9a8]
Event: 12.425 Thread 0x00000203a5d37800 6311       3       sun.security.util.DerValue::toByteArray (25 bytes)
Event: 12.425 Thread 0x00000203a5d37800 nmethod 6311 0x000002038f53bf10 code [0x000002038f53c140, 0x000002038f53cbc8]
Event: 12.425 Thread 0x00000203a5d37800 6312       3       sun.security.x509.RDN::<init> (85 bytes)
Event: 12.426 Thread 0x00000203a5d37800 nmethod 6312 0x000002038f53cf10 code [0x000002038f53d1e0, 0x000002038f53e428]
Event: 12.426 Thread 0x00000203a5d37800 6308       3       sun.util.calendar.BaseCalendar::isLeapYear (5 bytes)
Event: 12.427 Thread 0x00000203a5d37800 nmethod 6308 0x000002038f53ea90 code [0x000002038f53ec60, 0x000002038f53eef8]
Event: 12.427 Thread 0x00000203a5d37800 6314       3       java.io.ByteArrayInputStream::<init> (37 bytes)
Event: 12.427 Thread 0x00000203a5d37800 nmethod 6314 0x000002038f53f010 code [0x000002038f53f1e0, 0x000002038f53f4b8]
Event: 12.427 Thread 0x00000203a5d37800 6313       3       sun.security.util.DerValue::isConstructed (18 bytes)
Event: 12.427 Thread 0x00000203a5d37800 nmethod 6313 0x000002038f53f610 code [0x000002038f53f7c0, 0x000002038f53f918]
Event: 12.427 Thread 0x00000203a5d37800 6316       3       sun.security.util.DerIndefLenConverter::isIndefinite (20 bytes)
Event: 12.428 Thread 0x00000203a5d37800 nmethod 6316 0x000002038f53f990 code [0x000002038f53fb40, 0x000002038f53fd78]
Event: 12.428 Thread 0x00000203a5d37800 6309       3       sun.util.calendar.CalendarUtils::isGregorianLeapYear (27 bytes)
Event: 12.428 Thread 0x00000203a5d37800 nmethod 6309 0x000002038f53fe10 code [0x000002038f53ffc0, 0x000002038f5401d8]
Event: 12.428 Thread 0x00000203a5d37800 6306       3       java.util.Date::<init> (10 bytes)
Event: 12.429 Thread 0x00000203a5d37800 nmethod 6306 0x000002038f540310 code [0x000002038f5404c0, 0x000002038f540618]

GC Heap History (16 events):
Event: 0.904 GC heap before
{Heap before GC invocations=0 (full 0):
 garbage-first heap   total 196608K, used 29696K [0x0000000080000000, 0x0000000100000000)
  region size 1024K, 24 young (24576K), 0 survivors (0K)
 Metaspace       used 10119K, capacity 10337K, committed 10624K, reserved 1058816K
  class space    used 1039K, capacity 1108K, committed 1152K, reserved 1048576K
}
Event: 0.913 GC heap after
{Heap after GC invocations=1 (full 0):
 garbage-first heap   total 196608K, used 9142K [0x0000000080000000, 0x0000000100000000)
  region size 1024K, 3 young (3072K), 3 survivors (3072K)
 Metaspace       used 10119K, capacity 10337K, committed 10624K, reserved 1058816K
  class space    used 1039K, capacity 1108K, committed 1152K, reserved 1048576K
}
Event: 3.062 GC heap before
{Heap before GC invocations=1 (full 0):
 garbage-first heap   total 196608K, used 110518K [0x0000000080000000, 0x0000000100000000)
  region size 1024K, 103 young (105472K), 3 survivors (3072K)
 Metaspace       used 20654K, capacity 21102K, committed 21296K, reserved 1069056K
  class space    used 2515K, capacity 2665K, committed 2688K, reserved 1048576K
}
Event: 3.076 GC heap after
{Heap after GC invocations=2 (full 0):
 garbage-first heap   total 196608K, used 16767K [0x0000000080000000, 0x0000000100000000)
  region size 1024K, 11 young (11264K), 11 survivors (11264K)
 Metaspace       used 20654K, capacity 21102K, committed 21296K, reserved 1069056K
  class space    used 2515K, capacity 2665K, committed 2688K, reserved 1048576K
}
Event: 3.620 GC heap before
{Heap before GC invocations=3 (full 0):
 garbage-first heap   total 196608K, used 55679K [0x0000000080000000, 0x0000000100000000)
  region size 1024K, 49 young (50176K), 11 survivors (11264K)
 Metaspace       used 24447K, capacity 24984K, committed 25008K, reserved 1071104K
  class space    used 3116K, capacity 3304K, committed 3328K, reserved 1048576K
}
Event: 3.633 GC heap after
{Heap after GC invocations=4 (full 0):
 garbage-first heap   total 196608K, used 18273K [0x0000000080000000, 0x0000000100000000)
  region size 1024K, 2 young (2048K), 2 survivors (2048K)
 Metaspace       used 24447K, capacity 24984K, committed 25008K, reserved 1071104K
  class space    used 3116K, capacity 3304K, committed 3328K, reserved 1048576K
}
Event: 5.819 GC heap before
{Heap before GC invocations=4 (full 0):
 garbage-first heap   total 196608K, used 132961K [0x0000000080000000, 0x0000000100000000)
  region size 1024K, 99 young (101376K), 2 survivors (2048K)
 Metaspace       used 34611K, capacity 35564K, committed 35632K, reserved 1079296K
  class space    used 4591K, capacity 4958K, committed 4992K, reserved 1048576K
}
Event: 5.832 GC heap after
{Heap after GC invocations=5 (full 0):
 garbage-first heap   total 196608K, used 42892K [0x0000000080000000, 0x0000000100000000)
  region size 1024K, 9 young (9216K), 9 survivors (9216K)
 Metaspace       used 34611K, capacity 35564K, committed 35632K, reserved 1079296K
  class space    used 4591K, capacity 4958K, committed 4992K, reserved 1048576K
}
Event: 7.712 GC heap before
{Heap before GC invocations=6 (full 0):
 garbage-first heap   total 196608K, used 152460K [0x0000000080000000, 0x0000000100000000)
  region size 1024K, 102 young (104448K), 9 survivors (9216K)
 Metaspace       used 43832K, capacity 44965K, committed 45104K, reserved 1089536K
  class space    used 5605K, capacity 6014K, committed 6016K, reserved 1048576K
}
Event: 7.727 GC heap after
{Heap after GC invocations=7 (full 0):
 garbage-first heap   total 196608K, used 64775K [0x0000000080000000, 0x0000000100000000)
  region size 1024K, 10 young (10240K), 10 survivors (10240K)
 Metaspace       used 43832K, capacity 44965K, committed 45104K, reserved 1089536K
  class space    used 5605K, capacity 6014K, committed 6016K, reserved 1048576K
}
Event: 9.444 GC heap before
{Heap before GC invocations=7 (full 0):
 garbage-first heap   total 196608K, used 146695K [0x0000000080000000, 0x0000000100000000)
  region size 1024K, 90 young (92160K), 10 survivors (10240K)
 Metaspace       used 51683K, capacity 53016K, committed 53168K, reserved 1095680K
  class space    used 6555K, capacity 7075K, committed 7168K, reserved 1048576K
}
Event: 9.455 GC heap after
{Heap after GC invocations=8 (full 0):
 garbage-first heap   total 196608K, used 69433K [0x0000000080000000, 0x0000000100000000)
  region size 1024K, 6 young (6144K), 6 survivors (6144K)
 Metaspace       used 51683K, capacity 53016K, committed 53168K, reserved 1095680K
  class space    used 6555K, capacity 7075K, committed 7168K, reserved 1048576K
}
Event: 12.043 GC heap before
{Heap before GC invocations=8 (full 0):
 garbage-first heap   total 196608K, used 154425K [0x0000000080000000, 0x0000000100000000)
  region size 1024K, 85 young (87040K), 6 survivors (6144K)
 Metaspace       used 56365K, capacity 57967K, committed 58160K, reserved 1099776K
  class space    used 7244K, capacity 7784K, committed 7808K, reserved 1048576K
}
Event: 12.053 GC heap after
{Heap after GC invocations=9 (full 0):
 garbage-first heap   total 196608K, used 79940K [0x0000000080000000, 0x0000000100000000)
  region size 1024K, 11 young (11264K), 11 survivors (11264K)
 Metaspace       used 56365K, capacity 57967K, committed 58160K, reserved 1099776K
  class space    used 7244K, capacity 7784K, committed 7808K, reserved 1048576K
}
Event: 12.327 GC heap before
{Heap before GC invocations=9 (full 0):
 garbage-first heap   total 196608K, used 98372K [0x0000000080000000, 0x0000000100000000)
  region size 1024K, 30 young (30720K), 11 survivors (11264K)
 Metaspace       used 57975K, capacity 59696K, committed 59696K, reserved 1101824K
  class space    used 7468K, capacity 8064K, committed 8064K, reserved 1048576K
}
Event: 12.341 GC heap after
{Heap after GC invocations=10 (full 0):
 garbage-first heap   total 196608K, used 79823K [0x0000000080000000, 0x0000000100000000)
  region size 1024K, 6 young (6144K), 6 survivors (6144K)
 Metaspace       used 57975K, capacity 59696K, committed 59696K, reserved 1101824K
  class space    used 7468K, capacity 8064K, committed 8064K, reserved 1048576K
}

Deoptimization events (20 events):
Event: 12.254 Thread 0x00000203a86a9000 Uncommon trap: trap_request=0xffffff4d fr.pc=0x0000020395e43c30 relative=0x0000000000000470
Event: 12.254 Thread 0x00000203a86a9000 Uncommon trap: reason=unstable_if action=reinterpret pc=0x0000020395e43c30 method=java.lang.StringLatin1.compareToCI([B[B)I @ 68 c2
Event: 12.254 Thread 0x00000203a86a9000 DEOPT PACKING pc=0x0000020395e43c30 sp=0x00000078f01f4490
Event: 12.254 Thread 0x00000203a86a9000 DEOPT UNPACKING pc=0x000002038e35a1af sp=0x00000078f01f4418 mode 2
Event: 12.278 Thread 0x00000203a86a9000 Uncommon trap: trap_request=0xffffff4d fr.pc=0x00000203961120f4 relative=0x0000000000000054
Event: 12.278 Thread 0x00000203a86a9000 Uncommon trap: reason=unstable_if action=reinterpret pc=0x00000203961120f4 method=java.util.regex.Pattern.has(I)Z @ 6 c2
Event: 12.278 Thread 0x00000203a86a9000 DEOPT PACKING pc=0x00000203961120f4 sp=0x00000078f01f1b50
Event: 12.278 Thread 0x00000203a86a9000 DEOPT UNPACKING pc=0x000002038e35a1af sp=0x00000078f01f1ae0 mode 2
Event: 12.284 Thread 0x00000203a86a9000 DEOPT PACKING pc=0x000002038e978164 sp=0x00000078f01f3950
Event: 12.284 Thread 0x00000203a86a9000 DEOPT UNPACKING pc=0x000002038e35a95e sp=0x00000078f01f2e18 mode 0
Event: 12.285 Thread 0x00000203a86a9000 Uncommon trap: trap_request=0xffffff4d fr.pc=0x0000020396110ae8 relative=0x00000000000009a8
Event: 12.285 Thread 0x00000203a86a9000 Uncommon trap: reason=unstable_if action=reinterpret pc=0x0000020396110ae8 method=sun.net.util.IPAddressUtil.scan(Ljava/lang/String;JJ[C)I @ 14 c2
Event: 12.285 Thread 0x00000203a86a9000 DEOPT PACKING pc=0x0000020396110ae8 sp=0x00000078f01f3600
Event: 12.285 Thread 0x00000203a86a9000 DEOPT UNPACKING pc=0x000002038e35a1af sp=0x00000078f01f3470 mode 2
Event: 12.348 Thread 0x00000203a86a9000 Uncommon trap: trap_request=0xffffff4d fr.pc=0x000002039611f2f4 relative=0x0000000000000674
Event: 12.349 Thread 0x00000203a86a9000 Uncommon trap: reason=unstable_if action=reinterpret pc=0x000002039611f2f4 method=java.io.BufferedInputStream.read([BII)I @ 31 c2
Event: 12.349 Thread 0x00000203a86a9000 DEOPT PACKING pc=0x000002039611f2f4 sp=0x00000078f01f4f70
Event: 12.349 Thread 0x00000203a86a9000 DEOPT UNPACKING pc=0x000002038e35a1af sp=0x00000078f01f4f48 mode 2
Event: 12.418 Thread 0x00000203a86a9000 DEOPT PACKING pc=0x000002038f3b78f1 sp=0x00000078f01f3cd0
Event: 12.418 Thread 0x00000203a86a9000 DEOPT UNPACKING pc=0x000002038e35a95e sp=0x00000078f01f31c8 mode 0

Classes redefined (0 events):
No events

Internal exceptions (20 events):
Event: 9.870 Thread 0x00000203a86a9000 Exception <a 'java/lang/NoSuchMethodError'{0x000000008a3b1378}: 'java.lang.Object java.lang.invoke.DirectMethodHandle$Holder.invokeStatic(java.lang.Object, java.lang.Object, java.lang.Object, java.lang.Object, java.lang.Object, java.lang.Object, java.lang.Object, java.lang.Object, java.lang.Object, java.lang.Object, java.lang.Object, java.lang.Object, java.lang.Object, java.lang.Object, java.lang.Object)'> (0x000000008a3b1378) thrown at [./src/hotspot/share/interpreter/linkResolver.cpp, line 773]
Event: 9.871 Thread 0x00000203a86a9000 Exception <a 'java/lang/NoSuchMethodError'{0x000000008a3c2500}: 'java.lang.Object java.lang.invoke.DirectMethodHandle$Holder.invokeStatic(java.lang.Object, java.lang.Object, java.lang.Object, java.lang.Object, java.lang.Object, java.lang.Object, java.lang.Object, java.lang.Object, java.lang.Object, java.lang.Object, java.lang.Object, java.lang.Object, java.lang.Object, java.lang.Object, java.lang.Object, java.lang.Object)'> (0x000000008a3c2500) thrown at [./src/hotspot/share/interpreter/linkResolver.cpp, l
Event: 9.872 Thread 0x00000203a86a9000 Exception <a 'java/lang/NoSuchMethodError'{0x000000008a3d34e8}: 'java.lang.Object java.lang.invoke.DelegatingMethodHandle$Holder.reinvoke_L(java.lang.Object, java.lang.Object, java.lang.Object, java.lang.Object, java.lang.Object, java.lang.Object, java.lang.Object, java.lang.Object, java.lang.Object, java.lang.Object, java.lang.Object, java.lang.Object, java.lang.Object, java.lang.Object, java.lang.Object, java.lang.Object, java.lang.Object, java.lang.Object, java.lang.Object, java.lang.Object)'> (0x000000
Event: 9.945 Thread 0x00000203a86a9000 Implicit null exception at 0x0000020395ed3574 to 0x0000020395ed3770
Event: 9.945 Thread 0x00000203a86a9000 Implicit null exception at 0x0000020395e0b9f8 to 0x0000020395e0ba8a
Event: 10.197 Thread 0x00000203a937c800 Exception <a 'sun/nio/fs/WindowsException'{0x000000008900e7f8}> (0x000000008900e7f8) thrown at [./src/hotspot/share/prims/jni.cpp, line 616]
Event: 10.205 Thread 0x00000203a937c800 Exception <a 'sun/nio/fs/WindowsException'{0x000000008904b0d8}> (0x000000008904b0d8) thrown at [./src/hotspot/share/prims/jni.cpp, line 616]
Event: 10.206 Thread 0x00000203a937c800 Exception <a 'sun/nio/fs/WindowsException'{0x000000008904b248}> (0x000000008904b248) thrown at [./src/hotspot/share/prims/jni.cpp, line 616]
Event: 10.254 Thread 0x00000203a86a9000 Exception <a 'java/lang/ClassNotFoundException'{0x0000000089082c10}: build_9nfsjhx98xs0qpydj00ilz2acBeanInfo> (0x0000000089082c10) thrown at [./src/hotspot/share/classfile/systemDictionary.cpp, line 231]
Event: 10.254 Thread 0x00000203a86a9000 Exception <a 'java/lang/ClassNotFoundException'{0x000000008909a270}: org/gradle/api/internal/project/ProjectScriptBeanInfo> (0x000000008909a270) thrown at [./src/hotspot/share/classfile/systemDictionary.cpp, line 231]
Event: 10.255 Thread 0x00000203a86a9000 Exception <a 'java/lang/ClassNotFoundException'{0x00000000890b1aa0}: org/gradle/api/internal/project/ProjectScriptCustomizer> (0x00000000890b1aa0) thrown at [./src/hotspot/share/classfile/systemDictionary.cpp, line 231]
Event: 10.256 Thread 0x00000203a86a9000 Exception <a 'java/lang/ClassNotFoundException'{0x00000000890cdc48}: build_9nfsjhx98xs0qpydj00ilz2acCustomizer> (0x00000000890cdc48) thrown at [./src/hotspot/share/classfile/systemDictionary.cpp, line 231]
Event: 10.274 Thread 0x00000203a86a9000 Exception <a 'java/lang/ClassNotFoundException'{0x0000000088f84738}: org/gradle/plugin/use/internal/PluginRequestCollector$PluginDependenciesSpecImplBeanInfo> (0x0000000088f84738) thrown at [./src/hotspot/share/classfile/systemDictionary.cpp, line 231]
Event: 10.275 Thread 0x00000203a86a9000 Exception <a 'java/lang/ClassNotFoundException'{0x0000000088fb4bd8}: org/gradle/plugin/use/internal/PluginRequestCollector$PluginDependenciesSpecImplCustomizer> (0x0000000088fb4bd8) thrown at [./src/hotspot/share/classfile/systemDictionary.cpp, line 231]
Event: 10.279 Thread 0x00000203a86a9000 Exception <a 'java/lang/ClassNotFoundException'{0x0000000088e18d58}: org/gradle/plugin/use/internal/PluginRequestCollector$PluginDependencySpecImplBeanInfo> (0x0000000088e18d58) thrown at [./src/hotspot/share/classfile/systemDictionary.cpp, line 231]
Event: 10.280 Thread 0x00000203a86a9000 Exception <a 'java/lang/ClassNotFoundException'{0x0000000088e47458}: org/gradle/plugin/use/internal/PluginRequestCollector$PluginDependencySpecImplCustomizer> (0x0000000088e47458) thrown at [./src/hotspot/share/classfile/systemDictionary.cpp, line 231]
Event: 10.581 Thread 0x00000203a86a9000 Exception <a 'java/lang/NoSuchMethodError'{0x0000000087c123a8}: 'void java.lang.invoke.DirectMethodHandle$Holder.invokeStatic(java.lang.Object, java.lang.Object, java.lang.Object, int, java.lang.Object)'> (0x0000000087c123a8) thrown at [./src/hotspot/share/interpreter/linkResolver.cpp, line 773]
Event: 12.126 Thread 0x00000203ab248000 Implicit null exception at 0x0000020395e340f4 to 0x0000020395e3462c
Event: 12.126 Thread 0x00000203ab241800 Implicit null exception at 0x0000020395e340f4 to 0x0000020395e3462c
Event: 12.277 Thread 0x00000203a86a9000 Exception <a 'sun/nio/fs/WindowsException'{0x000000008af674e0}> (0x000000008af674e0) thrown at [./src/hotspot/share/prims/jni.cpp, line 616]

Events (20 events):
Event: 12.386 loading class sun/security/x509/URIName
Event: 12.387 loading class sun/security/x509/URIName done
Event: 12.387 loading class sun/security/x509/DNSName
Event: 12.387 Executing VM operation: CollectForMetadataAllocation
Event: 12.387 Executing VM operation: CollectForMetadataAllocation done
Event: 12.387 loading class sun/security/x509/DNSName done
Event: 12.389 loading class sun/security/x509/NetscapeCertTypeExtension
Event: 12.389 loading class sun/security/x509/NetscapeCertTypeExtension done
Event: 12.390 loading class sun/security/x509/NetscapeCertTypeExtension$MapEntry
Event: 12.390 loading class sun/security/x509/NetscapeCertTypeExtension$MapEntry done
Event: 12.390 loading class sun/security/x509/SubjectAlternativeNameExtension
Event: 12.390 loading class sun/security/x509/SubjectAlternativeNameExtension done
Event: 12.390 loading class sun/security/x509/RFC822Name
Event: 12.390 Executing VM operation: CGC_Operation
Event: 12.390 loading class sun/security/x509/RFC822Name done
Event: 12.408 Executing VM operation: CGC_Operation done
Event: 12.409 loading class sun/security/x509/IssuerAlternativeNameExtension
Event: 12.409 loading class sun/security/x509/IssuerAlternativeNameExtension done
Event: 12.419 loading class sun/security/x509/PrivateKeyUsageExtension
Event: 12.419 loading class sun/security/x509/PrivateKeyUsageExtension done


Dynamic libraries:
0x00007ff790de0000 - 0x00007ff790dea000 	C:\Users\User\Music\Portable Program Files\android-studio\jre\bin\java.exe
0x00007ffdbd010000 - 0x00007ffdbd205000 	C:\WINDOWS\SYSTEM32\ntdll.dll
0x00007ffdbc490000 - 0x00007ffdbc54d000 	C:\WINDOWS\System32\KERNEL32.DLL
0x00007ffdbab90000 - 0x00007ffdbae58000 	C:\WINDOWS\System32\KERNELBASE.dll
0x00007ffdbae90000 - 0x00007ffdbaf90000 	C:\WINDOWS\System32\ucrtbase.dll
0x00007ffda81f0000 - 0x00007ffda8209000 	C:\Users\User\Music\Portable Program Files\android-studio\jre\bin\jli.dll
0x00007ffdbb4a0000 - 0x00007ffdbb640000 	C:\WINDOWS\System32\USER32.dll
0x00007ffdbae60000 - 0x00007ffdbae82000 	C:\WINDOWS\System32\win32u.dll
0x00007ffda46c0000 - 0x00007ffda495a000 	C:\WINDOWS\WinSxS\amd64_microsoft.windows.common-controls_6595b64144ccf1df_6.0.19041.844_none_ca00b6081b84eb1d\COMCTL32.dll
0x00007ffdbb760000 - 0x00007ffdbb78a000 	C:\WINDOWS\System32\GDI32.dll
0x00007ffdbcc60000 - 0x00007ffdbccfe000 	C:\WINDOWS\System32\msvcrt.dll
0x00007ffdba830000 - 0x00007ffdba93b000 	C:\WINDOWS\System32\gdi32full.dll
0x00007ffdba940000 - 0x00007ffdba9dd000 	C:\WINDOWS\System32\msvcp_win.dll
0x00007ffd955a0000 - 0x00007ffd955b7000 	C:\Users\User\Music\Portable Program Files\android-studio\jre\bin\VCRUNTIME140.dll
0x00007ffdbb470000 - 0x00007ffdbb4a0000 	C:\WINDOWS\System32\IMM32.DLL
0x00007ffd86610000 - 0x00007ffd866ad000 	C:\Users\User\Music\Portable Program Files\android-studio\jre\bin\msvcp140.dll
0x00007ffd86ec0000 - 0x00007ffd879c2000 	C:\Users\User\Music\Portable Program Files\android-studio\jre\bin\server\jvm.dll
0x00007ffdbcd10000 - 0x00007ffdbcdbc000 	C:\WINDOWS\System32\ADVAPI32.dll
0x00007ffdbb3d0000 - 0x00007ffdbb46b000 	C:\WINDOWS\System32\sechost.dll
0x00007ffdbc220000 - 0x00007ffdbc34b000 	C:\WINDOWS\System32\RPCRT4.dll
0x00007ffdbc350000 - 0x00007ffdbc358000 	C:\WINDOWS\System32\PSAPI.DLL
0x00007ffdb4b80000 - 0x00007ffdb4b89000 	C:\WINDOWS\SYSTEM32\WSOCK32.dll
0x00007ffdb1960000 - 0x00007ffdb1987000 	C:\WINDOWS\SYSTEM32\WINMM.dll
0x00007ffdb38a0000 - 0x00007ffdb38aa000 	C:\WINDOWS\SYSTEM32\VERSION.dll
0x00007ffdbb790000 - 0x00007ffdbb7fb000 	C:\WINDOWS\System32\WS2_32.dll
0x00007ffdb86b0000 - 0x00007ffdb86c2000 	C:\WINDOWS\SYSTEM32\kernel.appcore.dll
0x00007ffd95560000 - 0x00007ffd95571000 	C:\Users\User\Music\Portable Program Files\android-studio\jre\bin\verify.dll
0x00007ffda9c20000 - 0x00007ffda9e04000 	C:\WINDOWS\SYSTEM32\DBGHELP.DLL
0x00007ffdaa530000 - 0x00007ffdaa55c000 	C:\WINDOWS\SYSTEM32\dbgcore.DLL
0x00007ffdbaff0000 - 0x00007ffdbb070000 	C:\WINDOWS\System32\bcryptPrimitives.dll
0x00007ffd8ae70000 - 0x00007ffd8ae99000 	C:\Users\User\Music\Portable Program Files\android-studio\jre\bin\java.dll
0x00007ffdac970000 - 0x00007ffdac97b000 	C:\Users\User\Music\Portable Program Files\android-studio\jre\bin\jimage.dll
0x00007ffd94900000 - 0x00007ffd94918000 	C:\Users\User\Music\Portable Program Files\android-studio\jre\bin\zip.dll
0x00007ffdbbad0000 - 0x00007ffdbc212000 	C:\WINDOWS\System32\SHELL32.dll
0x00007ffdb88b0000 - 0x00007ffdb9041000 	C:\WINDOWS\SYSTEM32\windows.storage.dll
0x00007ffdbb070000 - 0x00007ffdbb3c5000 	C:\WINDOWS\System32\combase.dll
0x00007ffdba0f0000 - 0x00007ffdba11c000 	C:\WINDOWS\SYSTEM32\Wldp.dll
0x00007ffdbb830000 - 0x00007ffdbb8de000 	C:\WINDOWS\System32\SHCORE.dll
0x00007ffdbcc00000 - 0x00007ffdbcc55000 	C:\WINDOWS\System32\shlwapi.dll
0x00007ffdba690000 - 0x00007ffdba6af000 	C:\WINDOWS\SYSTEM32\profapi.dll
0x00007ffd93730000 - 0x00007ffd9374a000 	C:\Users\User\Music\Portable Program Files\android-studio\jre\bin\net.dll
0x00007ffdb4f90000 - 0x00007ffdb509b000 	C:\WINDOWS\SYSTEM32\WINHTTP.dll
0x00007ffdb9e60000 - 0x00007ffdb9eca000 	C:\WINDOWS\system32\mswsock.dll
0x00007ffd930f0000 - 0x00007ffd93104000 	C:\Users\User\Music\Portable Program Files\android-studio\jre\bin\nio.dll
0x00007ffd86a10000 - 0x00007ffd86a37000 	C:\Users\User\.gradle\native\e1d6ef7f7dcc3fd88c89a11ec53ec762bb8ba0a96d01ffa2cd45eb1d1d8dd5c5\windows-amd64\native-platform.dll
0x00007ffd864c0000 - 0x00007ffd86604000 	C:\Users\User\.gradle\native\0d407fdbe67a94daf76414ababcb853783967236a71b16ec16e742cd7a986fd3\windows-amd64\native-platform-file-events.dll
0x00007ffdac7a0000 - 0x00007ffdac7aa000 	C:\Users\User\Music\Portable Program Files\android-studio\jre\bin\management.dll
0x00007ffdabea0000 - 0x00007ffdabead000 	C:\Users\User\Music\Portable Program Files\android-studio\jre\bin\management_ext.dll
0x00007ffdba040000 - 0x00007ffdba058000 	C:\WINDOWS\SYSTEM32\CRYPTSP.dll
0x00007ffdb9800000 - 0x00007ffdb9834000 	C:\WINDOWS\system32\rsaenh.dll
0x00007ffdba800000 - 0x00007ffdba827000 	C:\WINDOWS\System32\bcrypt.dll
0x00007ffdba610000 - 0x00007ffdba63e000 	C:\WINDOWS\SYSTEM32\USERENV.dll
0x00007ffdba030000 - 0x00007ffdba03c000 	C:\WINDOWS\SYSTEM32\CRYPTBASE.dll
0x00007ffdb9b50000 - 0x00007ffdb9b8b000 	C:\WINDOWS\SYSTEM32\IPHLPAPI.DLL
0x00007ffdbcd00000 - 0x00007ffdbcd08000 	C:\WINDOWS\System32\NSI.dll
0x00007ffdb4e70000 - 0x00007ffdb4e87000 	C:\WINDOWS\SYSTEM32\dhcpcsvc6.DLL
0x00007ffdb4f70000 - 0x00007ffdb4f8d000 	C:\WINDOWS\SYSTEM32\dhcpcsvc.DLL
0x00007ffdb9b90000 - 0x00007ffdb9c5c000 	C:\WINDOWS\SYSTEM32\DNSAPI.dll
0x00007ffd869d0000 - 0x00007ffd869f7000 	C:\Users\User\Music\Portable Program Files\android-studio\jre\bin\sunec.dll

dbghelp: loaded successfully - version: 4.0.5 - missing functions: none
symbol engine: initialized successfully - sym options: 0x614 - pdb path: .;C:\Users\User\Music\Portable Program Files\android-studio\jre\bin;C:\WINDOWS\SYSTEM32;C:\WINDOWS\WinSxS\amd64_microsoft.windows.common-controls_6595b64144ccf1df_6.0.19041.844_none_ca00b6081b84eb1d;C:\Users\User\Music\Portable Program Files\android-studio\jre\bin\server;C:\Users\User\.gradle\native\e1d6ef7f7dcc3fd88c89a11ec53ec762bb8ba0a96d01ffa2cd45eb1d1d8dd5c5\windows-amd64;C:\Users\User\.gradle\native\0d407fdbe67a94daf76414ababcb853783967236a71b16ec16e742cd7a986fd3\windows-amd64

VM Arguments:
jvm_args: --add-opens=java.base/java.util=ALL-UNNAMED --add-opens=java.base/java.lang=ALL-UNNAMED --add-opens=java.base/java.lang.invoke=ALL-UNNAMED --add-opens=java.base/java.util=ALL-UNNAMED --add-opens=java.prefs/java.util.prefs=ALL-UNNAMED --add-opens=java.prefs/java.util.prefs=ALL-UNNAMED --add-opens=java.base/java.nio.charset=ALL-UNNAMED --add-opens=java.base/java.net=ALL-UNNAMED --add-opens=java.base/java.util.concurrent.atomic=ALL-UNNAMED -Xmx2048m -Dfile.encoding=UTF-8 -Duser.country=CA -Duser.language=en -Duser.variant 
java_command: org.gradle.launcher.daemon.bootstrap.GradleDaemon 7.4
java_class_path (initial): C:\Users\User\.gradle\wrapper\dists\gradle-7.4-bin\c0gwcg53nkjbqw7r0h0umtfvt\gradle-7.4\lib\gradle-launcher-7.4.jar
Launcher Type: SUN_STANDARD

[Global flags]
     intx CICompilerCount                          = 4                                         {product} {ergonomic}
     uint ConcGCThreads                            = 2                                         {product} {ergonomic}
     uint G1ConcRefinementThreads                  = 8                                         {product} {ergonomic}
   size_t G1HeapRegionSize                         = 1048576                                   {product} {ergonomic}
    uintx GCDrainStackTargetSize                   = 64                                        {product} {ergonomic}
   size_t InitialHeapSize                          = 201326592                                 {product} {ergonomic}
   size_t MarkStackSize                            = 4194304                                   {product} {ergonomic}
   size_t MaxHeapSize                              = 2147483648                                {product} {command line}
   size_t MaxNewSize                               = 1287651328                                {product} {ergonomic}
   size_t MinHeapDeltaBytes                        = 1048576                                   {product} {ergonomic}
    uintx NonNMethodCodeHeapSize                   = 5836300                                {pd product} {ergonomic}
    uintx NonProfiledCodeHeapSize                  = 122910970                              {pd product} {ergonomic}
    uintx ProfiledCodeHeapSize                     = 122910970                              {pd product} {ergonomic}
    uintx ReservedCodeCacheSize                    = 251658240                              {pd product} {ergonomic}
     bool SegmentedCodeCache                       = true                                      {product} {ergonomic}
     bool UseCompressedClassPointers               = true                                 {lp64_product} {ergonomic}
     bool UseCompressedOops                        = true                                 {lp64_product} {ergonomic}
     bool UseG1GC                                  = true                                      {product} {ergonomic}
     bool UseLargePagesIndividualAllocation        = false                                  {pd product} {ergonomic}

Logging:
Log output configuration:
 #0: stdout all=warning uptime,level,tags
 #1: stderr all=off uptime,level,tags

Environment Variables:
PATH=C:\Program Files\Microsoft\jdk-11.0.12.7-hotspot\bin;C:\WINDOWS\system32;C:\WINDOWS;C:\WINDOWS\System32\Wbem;C:\WINDOWS\System32\WindowsPowerShell\v1.0\;C:\WINDOWS\System32\OpenSSH\;C:\Program Files\dotnet\;C:\Program Files\Microsoft SQL Server\130\Tools\Binn\;C:\Program Files\Microsoft SQL Server\Client SDK\ODBC\170\Tools\Binn\;C:\Program Files\Microsoft SQL Server\140\Tools\Binn\;C:\Program Files\Microsoft SQL Server\150\Tools\Binn\;C:\Program Files\nodejs\;C:\Users\User\AppData\Local\Microsoft\WindowsApps;C:\Users\User\.dotnet\tools;C:\Users\User\AppData\Local\Programs\Git\cmd;C:\Users\User\AppData\Local\Programs\Git\mingw64\bin;C:\Users\User\AppData\Local\Programs\Git\usr\bin;C:\Users\User\AppData\Roaming\npm;C:\Program Files\MongoDB\Server\4.4\bin;C:\Program Files\qemu;C:\Program Files (x86)\Microsoft Visual Studio\Shared\Python39_64;C:\Program Files (x86)\Microsoft Visual Studio\Shared\Python39_64\python.exe;
USERNAME=User
OS=Windows_NT
PROCESSOR_IDENTIFIER=AMD64 Family 21 Model 2 Stepping 0, AuthenticAMD



---------------  S Y S T E M  ---------------

OS: Windows 10 , 64 bit Build 19041 (10.0.19041.928)
OS uptime: 2 days 4:53 hours

CPU:total 8 (initial active 8) (8 cores per cpu, 1 threads per core) family 21 model 2 stepping 0 microcode 0x0, cmov, cx8, fxsr, mmx, sse, sse2, sse3, ssse3, sse4.1, sse4.2, popcnt, avx, aes, clmul, mmxext, 3dnowpref, lzcnt, sse4a, tsc, tscinvbit, tscinv, bmi1, fma

Memory: 4k page, system-wide physical 12270M (2019M free)
TotalPageFile size 12270M (AvailPageFile size 5M)
current process WorkingSet (physical memory assigned to process): 378M, peak: 378M
current process commit charge ("private bytes"): 427M, peak: 427M

vm_info: OpenJDK 64-Bit Server VM (11.0.13+0-b1751.21-8125866) for windows-amd64 JRE (11.0.13+0-b1751.21-8125866), built on Feb  2 2022 03:00:22 by "builder" with MS VC++ 14.0 (VS2015)

END.
